<?xml version="1.0" encoding="UTF-8"?>
<testsuite xmlns:xsi="http://www.w3.org/2001/XMLSchema-instance" xsi:noNamespaceSchemaLocation="https://maven.apache.org/surefire/maven-surefire-plugin/xsd/surefire-test-report.xsd" version="3.0.2" name="com.demo.springboot.learn_springboot.LearnSpringbootApplicationTests" time="1.521" tests="1" errors="0" skipped="0" failures="0">
  <properties>
[...]
</properties>
  <testcase name="contextLoads" classname="com.demo.springboot.learn_springboot.LearnSpringbootApplicationTests" time="0.479">
    <system-out><![CDATA[04:38:05.111 [main] INFO org.springframework.test.context.support.AnnotationConfigContextLoaderUtils -- Could not detect default configuration classes for test class [com.demo.springboot.learn_springboot.LearnSpringbootApplicationTests]: LearnSpringbootApplicationTests does not declare any static, non-private, non-final, nested classes annotated with @Configuration.
04:38:05.169 [main] INFO org.springframework.boot.test.context.SpringBootTestContextBootstrapper -- Found @SpringBootConfiguration com.demo.springboot.learn_springboot.LearnSpringbootApplication for test class com.demo.springboot.learn_springboot.LearnSpringbootApplicationTests
04:38:05.246 [main] INFO org.springframework.boot.devtools.restart.RestartApplicationListener -- Restart disabled due to context in which it is running
2025-01-03T04:38:05.365-07:00 TRACE 10475 --- [learn-springboot] [           main] o.s.c.io.support.SpringFactoriesLoader   : Loaded [org.springframework.boot.ApplicationContextFactory] names: [org.springframework.boot.web.reactive.context.ReactiveWebServerApplicationContextFactory, org.springframework.boot.web.servlet.context.ServletWebServerApplicationContextFactory]

  .   ____          _            __ _ _
 /\\ / ___'_ __ _ _(_)_ __  __ _ \ \ \ \
( ( )\___ | '_ | '_| | '_ \/ _` | \ \ \ \
 \\/  ___)| |_)| | | | | || (_| |  ) ) ) )
  '  |____| .__|_| |_|_| |_\__, | / / / /
 =========|_|==============|___/=/_/_/_/

 :: Spring Boot ::                (v3.4.1)

2025-01-03T04:38:05.385-07:00 TRACE 10475 --- [learn-springboot] [           main] o.s.b.f.s.DefaultListableBeanFactory     : Registering scope 'restart' with implementation [org.springframework.boot.devtools.restart.RestartScopeInitializer$RestartScope@21680803]
2025-01-03T04:38:05.386-07:00 TRACE 10475 --- [learn-springboot] [           main] o.s.c.io.support.SpringFactoriesLoader   : Loaded [org.springframework.core.io.ProtocolResolver] names: [org.springframework.boot.io.Base64ProtocolResolver]
2025-01-03T04:38:05.387-07:00 TRACE 10475 --- [learn-springboot] [           main] o.s.b.f.s.DefaultListableBeanFactory     : Returning cached instance of singleton bean 'autoConfigurationReport'
2025-01-03T04:38:05.392-07:00  INFO 10475 --- [learn-springboot] [           main] c.d.s.l.LearnSpringbootApplicationTests  : Starting LearnSpringbootApplicationTests using Java 19.0.2 with PID 10475 (started by harideepakchittari in /Users/harideepakchittari/learn-springboot)
2025-01-03T04:38:05.392-07:00  INFO 10475 --- [learn-springboot] [           main] c.d.s.l.LearnSpringbootApplicationTests  : The following 1 profile is active: "dev"
2025-01-03T04:38:05.392-07:00 DEBUG 10475 --- [learn-springboot] [           main] o.s.boot.SpringApplication               : Loading source class com.demo.springboot.learn_springboot.LearnSpringbootApplication
2025-01-03T04:38:05.401-07:00 TRACE 10475 --- [learn-springboot] [           main] o.s.c.a.ClassPathBeanDefinitionScanner   : JSR-250 'jakarta.annotation.ManagedBean' found and supported for component scanning
2025-01-03T04:38:05.407-07:00 TRACE 10475 --- [learn-springboot] [           main] uePropertySourceEnvironmentPostProcessor : RandomValuePropertySource add to Environment
2025-01-03T04:38:05.408-07:00 TRACE 10475 --- [learn-springboot] [           main] b.c.c.ConfigDataEnvironmentPostProcessor : Post-processing environment to add config data
2025-01-03T04:38:05.408-07:00 TRACE 10475 --- [learn-springboot] [           main] o.s.b.c.config.ConfigDataEnvironment     : Building config data environment contributors
2025-01-03T04:38:05.408-07:00 TRACE 10475 --- [learn-springboot] [           main] o.s.b.c.config.ConfigDataEnvironment     : Creating wrapped config data contributor for 'Inlined Test Properties'
2025-01-03T04:38:05.408-07:00 TRACE 10475 --- [learn-springboot] [           main] o.s.b.c.config.ConfigDataEnvironment     : Creating wrapped config data contributor for 'configurationProperties'
2025-01-03T04:38:05.408-07:00 TRACE 10475 --- [learn-springboot] [           main] o.s.b.c.config.ConfigDataEnvironment     : Creating wrapped config data contributor for 'servletConfigInitParams'
2025-01-03T04:38:05.408-07:00 TRACE 10475 --- [learn-springboot] [           main] o.s.b.c.config.ConfigDataEnvironment     : Creating wrapped config data contributor for 'servletContextInitParams'
2025-01-03T04:38:05.408-07:00 TRACE 10475 --- [learn-springboot] [           main] o.s.b.c.config.ConfigDataEnvironment     : Creating wrapped config data contributor for 'systemProperties'
2025-01-03T04:38:05.408-07:00 TRACE 10475 --- [learn-springboot] [           main] o.s.b.c.config.ConfigDataEnvironment     : Creating wrapped config data contributor for 'systemEnvironment'
2025-01-03T04:38:05.408-07:00 TRACE 10475 --- [learn-springboot] [           main] o.s.b.c.config.ConfigDataEnvironment     : Creating wrapped config data contributor for 'random'
2025-01-03T04:38:05.408-07:00 TRACE 10475 --- [learn-springboot] [           main] o.s.b.c.config.ConfigDataEnvironment     : Creating wrapped config data contributor for 'applicationInfo'
2025-01-03T04:38:05.408-07:00 TRACE 10475 --- [learn-springboot] [           main] o.s.b.c.config.ConfigDataEnvironment     : Adding initial config data import from location 'optional:file:./;optional:file:./config/;optional:file:./config/*/'
2025-01-03T04:38:05.408-07:00 TRACE 10475 --- [learn-springboot] [           main] o.s.b.c.config.ConfigDataEnvironment     : Adding initial config data import from location 'optional:classpath:/;optional:classpath:/config/'
2025-01-03T04:38:05.408-07:00 TRACE 10475 --- [learn-springboot] [           main] o.s.b.c.config.ConfigDataEnvironment     : Processing initial config data environment contributors without activation context
2025-01-03T04:38:05.408-07:00 TRACE 10475 --- [learn-springboot] [           main] .b.c.c.ConfigDataEnvironmentContributors : Processing imports for phase BEFORE_PROFILE_ACTIVATION. no activation context
2025-01-03T04:38:05.408-07:00 TRACE 10475 --- [learn-springboot] [           main] .b.c.c.ConfigDataEnvironmentContributors : Processing imports [optional:file:./;optional:file:./config/;optional:file:./config/*/]
2025-01-03T04:38:05.409-07:00 TRACE 10475 --- [learn-springboot] [           main] b.c.c.StandardConfigDataLocationResolver : Skipping missing resource file:./application.yaml
2025-01-03T04:38:05.409-07:00 TRACE 10475 --- [learn-springboot] [           main] b.c.c.StandardConfigDataLocationResolver : Skipping missing resource file:./application.yml
2025-01-03T04:38:05.409-07:00 TRACE 10475 --- [learn-springboot] [           main] b.c.c.StandardConfigDataLocationResolver : Skipping missing resource file:./application.xml
2025-01-03T04:38:05.409-07:00 TRACE 10475 --- [learn-springboot] [           main] b.c.c.StandardConfigDataLocationResolver : Skipping missing resource file:./application.properties
2025-01-03T04:38:05.409-07:00 TRACE 10475 --- [learn-springboot] [           main] b.c.c.StandardConfigDataLocationResolver : Skipping missing resource file:./config/application.yaml
2025-01-03T04:38:05.409-07:00 TRACE 10475 --- [learn-springboot] [           main] b.c.c.StandardConfigDataLocationResolver : Skipping missing resource file:./config/application.yml
2025-01-03T04:38:05.409-07:00 TRACE 10475 --- [learn-springboot] [           main] b.c.c.StandardConfigDataLocationResolver : Skipping missing resource file:./config/application.xml
2025-01-03T04:38:05.409-07:00 TRACE 10475 --- [learn-springboot] [           main] b.c.c.StandardConfigDataLocationResolver : Skipping missing resource file:./config/application.properties
2025-01-03T04:38:05.409-07:00 TRACE 10475 --- [learn-springboot] [           main] o.s.b.context.config.ConfigDataImporter  : Considering resource file [.] from location optional:file:./;optional:file:./config/;optional:file:./config/*/
2025-01-03T04:38:05.409-07:00 TRACE 10475 --- [learn-springboot] [           main] o.s.b.context.config.ConfigDataLoaders   : Loading file [.] using loader org.springframework.boot.context.config.StandardConfigDataLoader
2025-01-03T04:38:05.409-07:00 TRACE 10475 --- [learn-springboot] [           main] o.s.b.context.config.ConfigDataImporter  : Loaded resource file [.] from location optional:file:./;optional:file:./config/;optional:file:./config/*/
2025-01-03T04:38:05.412-07:00 TRACE 10475 --- [learn-springboot] [           main] .b.c.c.ConfigDataEnvironmentContributors : Imported 1 resource [file [.]]
2025-01-03T04:38:05.412-07:00 TRACE 10475 --- [learn-springboot] [           main] .b.c.c.ConfigDataEnvironmentContributors : Processing imports [optional:classpath:/;optional:classpath:/config/]
2025-01-03T04:38:05.412-07:00 TRACE 10475 --- [learn-springboot] [           main] b.c.c.StandardConfigDataLocationResolver : Skipping missing resource classpath:/application.yaml
2025-01-03T04:38:05.412-07:00 TRACE 10475 --- [learn-springboot] [           main] b.c.c.StandardConfigDataLocationResolver : Skipping missing resource classpath:/application.yml
2025-01-03T04:38:05.412-07:00 TRACE 10475 --- [learn-springboot] [           main] b.c.c.StandardConfigDataLocationResolver : Skipping missing resource classpath:/application.xml
2025-01-03T04:38:05.412-07:00 TRACE 10475 --- [learn-springboot] [           main] b.c.c.StandardConfigDataLocationResolver : Skipping missing resource classpath:/config/application.yaml
2025-01-03T04:38:05.412-07:00 TRACE 10475 --- [learn-springboot] [           main] b.c.c.StandardConfigDataLocationResolver : Skipping missing resource classpath:/config/application.yml
2025-01-03T04:38:05.412-07:00 TRACE 10475 --- [learn-springboot] [           main] b.c.c.StandardConfigDataLocationResolver : Skipping missing resource classpath:/config/application.xml
2025-01-03T04:38:05.412-07:00 TRACE 10475 --- [learn-springboot] [           main] b.c.c.StandardConfigDataLocationResolver : Skipping missing resource classpath:/config/application.properties
2025-01-03T04:38:05.412-07:00 TRACE 10475 --- [learn-springboot] [           main] o.s.b.context.config.ConfigDataImporter  : Considering resource class path resource [application.properties] from location optional:classpath:/;optional:classpath:/config/
2025-01-03T04:38:05.412-07:00 TRACE 10475 --- [learn-springboot] [           main] o.s.b.context.config.ConfigDataLoaders   : Loading class path resource [application.properties] using loader org.springframework.boot.context.config.StandardConfigDataLoader
2025-01-03T04:38:05.412-07:00 TRACE 10475 --- [learn-springboot] [           main] o.s.b.context.config.ConfigDataImporter  : Loaded resource class path resource [application.properties] from location optional:classpath:/;optional:classpath:/config/
2025-01-03T04:38:05.413-07:00 TRACE 10475 --- [learn-springboot] [           main] .b.c.c.ConfigDataEnvironmentContributors : Imported 1 resource [class path resource [application.properties]]
2025-01-03T04:38:05.414-07:00 TRACE 10475 --- [learn-springboot] [           main] .b.c.c.ConfigDataEnvironmentContributors : Processed imports for of 2 contributors
2025-01-03T04:38:05.414-07:00 TRACE 10475 --- [learn-springboot] [           main] o.s.b.c.config.ConfigDataEnvironment     : Creating config data activation context from initial contributions
2025-01-03T04:38:05.415-07:00 TRACE 10475 --- [learn-springboot] [           main] o.s.b.c.config.ConfigDataEnvironment     : Processing config data environment contributors with initial activation context
2025-01-03T04:38:05.420-07:00 TRACE 10475 --- [learn-springboot] [           main] .b.c.c.ConfigDataEnvironmentContributors : Processing imports for phase BEFORE_PROFILE_ACTIVATION. [ConfigDataActivationContext@44ea608c cloudPlatform = [null], profiles = [null]]
2025-01-03T04:38:05.420-07:00 TRACE 10475 --- [learn-springboot] [           main] .b.c.c.ConfigDataEnvironmentContributors : Processed imports for of 0 contributors
2025-01-03T04:38:05.420-07:00 TRACE 10475 --- [learn-springboot] [           main] o.s.b.c.config.ConfigDataEnvironment     : Deducing profiles from current config data environment contributors
2025-01-03T04:38:05.420-07:00 TRACE 10475 --- [learn-springboot] [           main] o.s.b.c.config.ConfigDataEnvironment     : Processing config data environment contributors with profile activation context
2025-01-03T04:38:05.420-07:00 TRACE 10475 --- [learn-springboot] [           main] .b.c.c.ConfigDataEnvironmentContributors : Processing imports for phase AFTER_PROFILE_ACTIVATION. [ConfigDataActivationContext@50cf5a23 cloudPlatform = [null], profiles = [Profiles@450794b4 active = '[dev]', default = '[default]', accepted = '[dev]']]
2025-01-03T04:38:05.420-07:00 TRACE 10475 --- [learn-springboot] [           main] .b.c.c.ConfigDataEnvironmentContributors : Processing imports [optional:file:./;optional:file:./config/;optional:file:./config/*/]
2025-01-03T04:38:05.421-07:00 TRACE 10475 --- [learn-springboot] [           main] b.c.c.StandardConfigDataLocationResolver : Skipping missing resource file:./application.yaml
2025-01-03T04:38:05.421-07:00 TRACE 10475 --- [learn-springboot] [           main] b.c.c.StandardConfigDataLocationResolver : Skipping missing resource file:./application.yml
2025-01-03T04:38:05.421-07:00 TRACE 10475 --- [learn-springboot] [           main] b.c.c.StandardConfigDataLocationResolver : Skipping missing resource file:./application.xml
2025-01-03T04:38:05.421-07:00 TRACE 10475 --- [learn-springboot] [           main] b.c.c.StandardConfigDataLocationResolver : Skipping missing resource file:./application.properties
2025-01-03T04:38:05.421-07:00 TRACE 10475 --- [learn-springboot] [           main] b.c.c.StandardConfigDataLocationResolver : Skipping missing resource file:./config/application.yaml
2025-01-03T04:38:05.421-07:00 TRACE 10475 --- [learn-springboot] [           main] b.c.c.StandardConfigDataLocationResolver : Skipping missing resource file:./config/application.yml
2025-01-03T04:38:05.421-07:00 TRACE 10475 --- [learn-springboot] [           main] b.c.c.StandardConfigDataLocationResolver : Skipping missing resource file:./config/application.xml
2025-01-03T04:38:05.421-07:00 TRACE 10475 --- [learn-springboot] [           main] b.c.c.StandardConfigDataLocationResolver : Skipping missing resource file:./config/application.properties
2025-01-03T04:38:05.421-07:00 TRACE 10475 --- [learn-springboot] [           main] b.c.c.StandardConfigDataLocationResolver : Skipping missing resource file:./application-dev.yaml
2025-01-03T04:38:05.421-07:00 TRACE 10475 --- [learn-springboot] [           main] b.c.c.StandardConfigDataLocationResolver : Skipping missing resource file:./application-dev.yml
2025-01-03T04:38:05.421-07:00 TRACE 10475 --- [learn-springboot] [           main] b.c.c.StandardConfigDataLocationResolver : Skipping missing resource file:./application-dev.xml
2025-01-03T04:38:05.421-07:00 TRACE 10475 --- [learn-springboot] [           main] b.c.c.StandardConfigDataLocationResolver : Skipping missing resource file:./application-dev.properties
2025-01-03T04:38:05.421-07:00 TRACE 10475 --- [learn-springboot] [           main] b.c.c.StandardConfigDataLocationResolver : Skipping missing resource file:./config/application-dev.yaml
2025-01-03T04:38:05.421-07:00 TRACE 10475 --- [learn-springboot] [           main] b.c.c.StandardConfigDataLocationResolver : Skipping missing resource file:./config/application-dev.yml
2025-01-03T04:38:05.421-07:00 TRACE 10475 --- [learn-springboot] [           main] b.c.c.StandardConfigDataLocationResolver : Skipping missing resource file:./config/application-dev.xml
2025-01-03T04:38:05.421-07:00 TRACE 10475 --- [learn-springboot] [           main] b.c.c.StandardConfigDataLocationResolver : Skipping missing resource file:./config/application-dev.properties
2025-01-03T04:38:05.422-07:00 TRACE 10475 --- [learn-springboot] [           main] o.s.b.context.config.ConfigDataImporter  : Considering resource file [.] from location optional:file:./;optional:file:./config/;optional:file:./config/*/
2025-01-03T04:38:05.422-07:00 TRACE 10475 --- [learn-springboot] [           main] o.s.b.context.config.ConfigDataImporter  : Already loaded resource file [.] ignoring location optional:file:./;optional:file:./config/;optional:file:./config/*/
2025-01-03T04:38:05.422-07:00 TRACE 10475 --- [learn-springboot] [           main] o.s.b.context.config.ConfigDataImporter  : Considering resource file [.] from location optional:file:./;optional:file:./config/;optional:file:./config/*/
2025-01-03T04:38:05.422-07:00 TRACE 10475 --- [learn-springboot] [           main] o.s.b.context.config.ConfigDataImporter  : Already loaded resource file [.] ignoring location optional:file:./;optional:file:./config/;optional:file:./config/*/
2025-01-03T04:38:05.422-07:00 TRACE 10475 --- [learn-springboot] [           main] .b.c.c.ConfigDataEnvironmentContributors : Nothing imported
2025-01-03T04:38:05.422-07:00 TRACE 10475 --- [learn-springboot] [           main] .b.c.c.ConfigDataEnvironmentContributors : Processing imports [optional:classpath:/;optional:classpath:/config/]
2025-01-03T04:38:05.422-07:00 TRACE 10475 --- [learn-springboot] [           main] b.c.c.StandardConfigDataLocationResolver : Skipping missing resource classpath:/application.yaml
2025-01-03T04:38:05.422-07:00 TRACE 10475 --- [learn-springboot] [           main] b.c.c.StandardConfigDataLocationResolver : Skipping missing resource classpath:/application.yml
2025-01-03T04:38:05.422-07:00 TRACE 10475 --- [learn-springboot] [           main] b.c.c.StandardConfigDataLocationResolver : Skipping missing resource classpath:/application.xml
2025-01-03T04:38:05.422-07:00 TRACE 10475 --- [learn-springboot] [           main] b.c.c.StandardConfigDataLocationResolver : Skipping missing resource classpath:/config/application.yaml
2025-01-03T04:38:05.422-07:00 TRACE 10475 --- [learn-springboot] [           main] b.c.c.StandardConfigDataLocationResolver : Skipping missing resource classpath:/config/application.yml
2025-01-03T04:38:05.422-07:00 TRACE 10475 --- [learn-springboot] [           main] b.c.c.StandardConfigDataLocationResolver : Skipping missing resource classpath:/config/application.xml
2025-01-03T04:38:05.423-07:00 TRACE 10475 --- [learn-springboot] [           main] b.c.c.StandardConfigDataLocationResolver : Skipping missing resource classpath:/config/application.properties
2025-01-03T04:38:05.423-07:00 TRACE 10475 --- [learn-springboot] [           main] b.c.c.StandardConfigDataLocationResolver : Skipping missing resource classpath:/application-dev.yaml
2025-01-03T04:38:05.423-07:00 TRACE 10475 --- [learn-springboot] [           main] b.c.c.StandardConfigDataLocationResolver : Skipping missing resource classpath:/application-dev.yml
2025-01-03T04:38:05.423-07:00 TRACE 10475 --- [learn-springboot] [           main] b.c.c.StandardConfigDataLocationResolver : Skipping missing resource classpath:/application-dev.xml
2025-01-03T04:38:05.423-07:00 TRACE 10475 --- [learn-springboot] [           main] b.c.c.StandardConfigDataLocationResolver : Skipping missing resource classpath:/config/application-dev.yaml
2025-01-03T04:38:05.423-07:00 TRACE 10475 --- [learn-springboot] [           main] b.c.c.StandardConfigDataLocationResolver : Skipping missing resource classpath:/config/application-dev.yml
2025-01-03T04:38:05.423-07:00 TRACE 10475 --- [learn-springboot] [           main] b.c.c.StandardConfigDataLocationResolver : Skipping missing resource classpath:/config/application-dev.xml
2025-01-03T04:38:05.423-07:00 TRACE 10475 --- [learn-springboot] [           main] b.c.c.StandardConfigDataLocationResolver : Skipping missing resource classpath:/config/application-dev.properties
2025-01-03T04:38:05.423-07:00 TRACE 10475 --- [learn-springboot] [           main] o.s.b.context.config.ConfigDataImporter  : Considering resource class path resource [application-dev.properties] from location optional:classpath:/;optional:classpath:/config/
2025-01-03T04:38:05.423-07:00 TRACE 10475 --- [learn-springboot] [           main] o.s.b.context.config.ConfigDataLoaders   : Loading class path resource [application-dev.properties] using loader org.springframework.boot.context.config.StandardConfigDataLoader
2025-01-03T04:38:05.423-07:00 TRACE 10475 --- [learn-springboot] [           main] o.s.b.context.config.ConfigDataImporter  : Loaded resource class path resource [application-dev.properties] from location optional:classpath:/;optional:classpath:/config/
2025-01-03T04:38:05.423-07:00 TRACE 10475 --- [learn-springboot] [           main] o.s.b.context.config.ConfigDataImporter  : Considering resource class path resource [application.properties] from location optional:classpath:/;optional:classpath:/config/
2025-01-03T04:38:05.423-07:00 TRACE 10475 --- [learn-springboot] [           main] o.s.b.context.config.ConfigDataImporter  : Already loaded resource class path resource [application.properties] ignoring location optional:classpath:/;optional:classpath:/config/
2025-01-03T04:38:05.423-07:00 TRACE 10475 --- [learn-springboot] [           main] .b.c.c.ConfigDataEnvironmentContributors : Imported 1 resource [class path resource [application-dev.properties]]
2025-01-03T04:38:05.424-07:00 TRACE 10475 --- [learn-springboot] [           main] .b.c.c.ConfigDataEnvironmentContributors : Processed imports for of 2 contributors
2025-01-03T04:38:05.424-07:00 TRACE 10475 --- [learn-springboot] [           main] o.s.b.c.config.ConfigDataEnvironment     : Applying config data environment contributions
2025-01-03T04:38:05.424-07:00 TRACE 10475 --- [learn-springboot] [           main] o.s.b.c.config.ConfigDataEnvironment     : Adding imported property source 'Config resource 'class path resource [application-dev.properties]' via location 'optional:classpath:/''
2025-01-03T04:38:05.424-07:00 TRACE 10475 --- [learn-springboot] [           main] o.s.b.c.config.ConfigDataEnvironment     : Adding imported property source 'Config resource 'class path resource [application.properties]' via location 'optional:classpath:/''
2025-01-03T04:38:05.424-07:00 TRACE 10475 --- [learn-springboot] [           main] o.s.b.c.config.ConfigDataEnvironment     : Setting default profiles: [default]
2025-01-03T04:38:05.424-07:00 TRACE 10475 --- [learn-springboot] [           main] o.s.b.c.config.ConfigDataEnvironment     : Setting active profiles: [dev]
2025-01-03T04:38:05.427-07:00 TRACE 10475 --- [learn-springboot] [           main] o.s.w.c.s.GenericWebApplicationContext   : Refreshing org.springframework.web.context.support.GenericWebApplicationContext@51768776, started on Fri Jan 03 04:38:05 MST 2025
2025-01-03T04:38:05.431-07:00 TRACE 10475 --- [learn-springboot] [           main] o.s.b.f.s.DefaultListableBeanFactory     : Registering scope 'request' with implementation [org.springframework.web.context.request.RequestScope@2d83c5a5]
2025-01-03T04:38:05.432-07:00 TRACE 10475 --- [learn-springboot] [           main] o.s.b.f.s.DefaultListableBeanFactory     : Registering scope 'session' with implementation [org.springframework.web.context.request.SessionScope@53bf7094]
2025-01-03T04:38:05.432-07:00 TRACE 10475 --- [learn-springboot] [           main] o.s.b.f.s.DefaultListableBeanFactory     : Registering scope 'application' with implementation [org.springframework.web.context.support.ServletContextScope@7cf7aee]
2025-01-03T04:38:05.436-07:00 DEBUG 10475 --- [learn-springboot] [           main] o.s.b.f.s.DefaultListableBeanFactory     : Creating shared instance of singleton bean 'org.springframework.context.annotation.internalConfigurationAnnotationProcessor'
2025-01-03T04:38:05.436-07:00 TRACE 10475 --- [learn-springboot] [           main] o.s.b.f.s.DefaultListableBeanFactory     : Creating instance of bean 'org.springframework.context.annotation.internalConfigurationAnnotationProcessor'
2025-01-03T04:38:05.442-07:00 DEBUG 10475 --- [learn-springboot] [           main] o.s.b.f.s.DefaultListableBeanFactory     : Creating shared instance of singleton bean 'org.springframework.boot.autoconfigure.internalCachingMetadataReaderFactory'
2025-01-03T04:38:05.442-07:00 TRACE 10475 --- [learn-springboot] [           main] o.s.b.f.s.DefaultListableBeanFactory     : Creating instance of bean 'org.springframework.boot.autoconfigure.internalCachingMetadataReaderFactory'
2025-01-03T04:38:05.443-07:00 TRACE 10475 --- [learn-springboot] [           main] o.s.b.f.s.DefaultListableBeanFactory     : Finished creating instance of bean 'org.springframework.boot.autoconfigure.internalCachingMetadataReaderFactory'
2025-01-03T04:38:05.444-07:00 TRACE 10475 --- [learn-springboot] [           main] o.s.c.io.support.SpringFactoriesLoader   : Loaded [org.springframework.beans.BeanInfoFactory] names: []
2025-01-03T04:38:05.445-07:00 TRACE 10475 --- [learn-springboot] [           main] o.s.beans.CachedIntrospectionResults     : Getting BeanInfo for class [org.springframework.context.annotation.ConfigurationClassPostProcessor]
2025-01-03T04:38:05.446-07:00 TRACE 10475 --- [learn-springboot] [           main] o.s.beans.CachedIntrospectionResults     : Caching PropertyDescriptors for class [org.springframework.context.annotation.ConfigurationClassPostProcessor]
2025-01-03T04:38:05.447-07:00 TRACE 10475 --- [learn-springboot] [           main] o.s.beans.CachedIntrospectionResults     : Found bean property 'applicationStartup' of type [org.springframework.core.metrics.ApplicationStartup]
2025-01-03T04:38:05.447-07:00 TRACE 10475 --- [learn-springboot] [           main] o.s.beans.CachedIntrospectionResults     : Found bean property 'beanClassLoader' of type [java.lang.ClassLoader]
2025-01-03T04:38:05.447-07:00 TRACE 10475 --- [learn-springboot] [           main] o.s.beans.CachedIntrospectionResults     : Found bean property 'beanExcludedFromAotProcessing' of type [boolean]
2025-01-03T04:38:05.447-07:00 TRACE 10475 --- [learn-springboot] [           main] o.s.beans.CachedIntrospectionResults     : Found bean property 'beanNameGenerator' of type [org.springframework.beans.factory.support.BeanNameGenerator]
2025-01-03T04:38:05.447-07:00 TRACE 10475 --- [learn-springboot] [           main] o.s.beans.CachedIntrospectionResults     : Found bean property 'class' of type [java.lang.Class]
2025-01-03T04:38:05.448-07:00 TRACE 10475 --- [learn-springboot] [           main] o.s.beans.CachedIntrospectionResults     : Found bean property 'environment' of type [org.springframework.core.env.Environment]
2025-01-03T04:38:05.448-07:00 TRACE 10475 --- [learn-springboot] [           main] o.s.beans.CachedIntrospectionResults     : Found bean property 'metadataReaderFactory' of type [org.springframework.core.type.classreading.MetadataReaderFactory]
2025-01-03T04:38:05.448-07:00 TRACE 10475 --- [learn-springboot] [           main] o.s.beans.CachedIntrospectionResults     : Found bean property 'order' of type [int]
2025-01-03T04:38:05.448-07:00 TRACE 10475 --- [learn-springboot] [           main] o.s.beans.CachedIntrospectionResults     : Found bean property 'problemReporter' of type [org.springframework.beans.factory.parsing.ProblemReporter]
2025-01-03T04:38:05.448-07:00 TRACE 10475 --- [learn-springboot] [           main] o.s.beans.CachedIntrospectionResults     : Found bean property 'resourceLoader' of type [org.springframework.core.io.ResourceLoader]
2025-01-03T04:38:05.448-07:00 TRACE 10475 --- [learn-springboot] [           main] o.s.beans.CachedIntrospectionResults     : Found bean property 'sourceExtractor' of type [org.springframework.beans.factory.parsing.SourceExtractor]
2025-01-03T04:38:05.451-07:00 TRACE 10475 --- [learn-springboot] [           main] o.s.b.f.s.DefaultListableBeanFactory     : Finished creating instance of bean 'org.springframework.context.annotation.internalConfigurationAnnotationProcessor'
2025-01-03T04:38:05.457-07:00 TRACE 10475 --- [learn-springboot] [           main] o.s.c.a.ClassPathBeanDefinitionScanner   : JSR-250 'jakarta.annotation.ManagedBean' found and supported for component scanning
2025-01-03T04:38:05.459-07:00 TRACE 10475 --- [learn-springboot] [           main] .i.s.PathMatchingResourcePatternResolver : Resolved module-path location pattern [com/demo/springboot/learn_springboot/**/*.class] to resources []
2025-01-03T04:38:05.459-07:00 TRACE 10475 --- [learn-springboot] [           main] .i.s.PathMatchingResourcePatternResolver : Resolved module-path location pattern [com/demo/springboot/learn_springboot/] to resources []
2025-01-03T04:38:05.459-07:00 TRACE 10475 --- [learn-springboot] [           main] .i.s.PathMatchingResourcePatternResolver : Resolved class path location [com/demo/springboot/learn_springboot/] to resources [file [/Users/harideepakchittari/learn-springboot/target/test-classes/com/demo/springboot/learn_springboot], file [/Users/harideepakchittari/learn-springboot/target/classes/com/demo/springboot/learn_springboot]]
2025-01-03T04:38:05.459-07:00 TRACE 10475 --- [learn-springboot] [           main] .i.s.PathMatchingResourcePatternResolver : Searching directory [/Users/harideepakchittari/learn-springboot/target/test-classes/com/demo/springboot/learn_springboot] for files matching pattern [**/*.class]
2025-01-03T04:38:05.460-07:00 TRACE 10475 --- [learn-springboot] [           main] .i.s.PathMatchingResourcePatternResolver : Searching directory [/Users/harideepakchittari/learn-springboot/target/classes/com/demo/springboot/learn_springboot] for files matching pattern [**/*.class]
2025-01-03T04:38:05.461-07:00 TRACE 10475 --- [learn-springboot] [           main] .i.s.PathMatchingResourcePatternResolver : Resolved location pattern [classpath*:com/demo/springboot/learn_springboot/**/*.class] to resources [file [/Users/harideepakchittari/learn-springboot/target/test-classes/com/demo/springboot/learn_springboot/LearnSpringbootApplicationTests.class], file [/Users/harideepakchittari/learn-springboot/target/classes/com/demo/springboot/learn_springboot/Course.class], file [/Users/harideepakchittari/learn-springboot/target/classes/com/demo/springboot/learn_springboot/CourseController.class], file [/Users/harideepakchittari/learn-springboot/target/classes/com/demo/springboot/learn_springboot/CurrencyConfigurationController.class], file [/Users/harideepakchittari/learn-springboot/target/classes/com/demo/springboot/learn_springboot/CurrencyServiceConfiguration.class], file [/Users/harideepakchittari/learn-springboot/target/classes/com/demo/springboot/learn_springboot/LearnSpringbootApplication.class]]
2025-01-03T04:38:05.461-07:00 TRACE 10475 --- [learn-springboot] [           main] o.s.c.a.ClassPathBeanDefinitionScanner   : Scanning file [/Users/harideepakchittari/learn-springboot/target/test-classes/com/demo/springboot/learn_springboot/LearnSpringbootApplicationTests.class]
2025-01-03T04:38:05.461-07:00 TRACE 10475 --- [learn-springboot] [           main] o.s.b.f.s.DefaultListableBeanFactory     : Returning cached instance of singleton bean 'org.springframework.boot.test.context.filter.TestTypeExcludeFilter'
2025-01-03T04:38:05.461-07:00 TRACE 10475 --- [learn-springboot] [           main] o.s.c.a.ClassPathBeanDefinitionScanner   : Ignored because not matching any filter: file [/Users/harideepakchittari/learn-springboot/target/test-classes/com/demo/springboot/learn_springboot/LearnSpringbootApplicationTests.class]
2025-01-03T04:38:05.461-07:00 TRACE 10475 --- [learn-springboot] [           main] o.s.c.a.ClassPathBeanDefinitionScanner   : Scanning file [/Users/harideepakchittari/learn-springboot/target/classes/com/demo/springboot/learn_springboot/Course.class]
2025-01-03T04:38:05.461-07:00 TRACE 10475 --- [learn-springboot] [           main] o.s.c.a.ClassPathBeanDefinitionScanner   : Ignored because not matching any filter: file [/Users/harideepakchittari/learn-springboot/target/classes/com/demo/springboot/learn_springboot/Course.class]
2025-01-03T04:38:05.462-07:00 TRACE 10475 --- [learn-springboot] [           main] o.s.c.a.ClassPathBeanDefinitionScanner   : Scanning file [/Users/harideepakchittari/learn-springboot/target/classes/com/demo/springboot/learn_springboot/CourseController.class]
2025-01-03T04:38:05.462-07:00 DEBUG 10475 --- [learn-springboot] [           main] o.s.c.a.ClassPathBeanDefinitionScanner   : Identified candidate component class: file [/Users/harideepakchittari/learn-springboot/target/classes/com/demo/springboot/learn_springboot/CourseController.class]
2025-01-03T04:38:05.462-07:00 TRACE 10475 --- [learn-springboot] [           main] o.s.c.a.ClassPathBeanDefinitionScanner   : Scanning file [/Users/harideepakchittari/learn-springboot/target/classes/com/demo/springboot/learn_springboot/CurrencyConfigurationController.class]
2025-01-03T04:38:05.462-07:00 DEBUG 10475 --- [learn-springboot] [           main] o.s.c.a.ClassPathBeanDefinitionScanner   : Identified candidate component class: file [/Users/harideepakchittari/learn-springboot/target/classes/com/demo/springboot/learn_springboot/CurrencyConfigurationController.class]
2025-01-03T04:38:05.462-07:00 TRACE 10475 --- [learn-springboot] [           main] o.s.c.a.ClassPathBeanDefinitionScanner   : Scanning file [/Users/harideepakchittari/learn-springboot/target/classes/com/demo/springboot/learn_springboot/CurrencyServiceConfiguration.class]
2025-01-03T04:38:05.462-07:00 DEBUG 10475 --- [learn-springboot] [           main] o.s.c.a.ClassPathBeanDefinitionScanner   : Identified candidate component class: file [/Users/harideepakchittari/learn-springboot/target/classes/com/demo/springboot/learn_springboot/CurrencyServiceConfiguration.class]
2025-01-03T04:38:05.462-07:00 TRACE 10475 --- [learn-springboot] [           main] o.s.c.a.ClassPathBeanDefinitionScanner   : Scanning file [/Users/harideepakchittari/learn-springboot/target/classes/com/demo/springboot/learn_springboot/LearnSpringbootApplication.class]
2025-01-03T04:38:05.462-07:00 TRACE 10475 --- [learn-springboot] [           main] o.s.c.a.ClassPathBeanDefinitionScanner   : Ignored because not matching any filter: file [/Users/harideepakchittari/learn-springboot/target/classes/com/demo/springboot/learn_springboot/LearnSpringbootApplication.class]
2025-01-03T04:38:05.470-07:00 TRACE 10475 --- [learn-springboot] [           main] o.s.c.io.support.SpringFactoriesLoader   : Loaded [org.springframework.boot.autoconfigure.AutoConfigurationImportFilter] names: [org.springframework.boot.autoconfigure.condition.OnBeanCondition, org.springframework.boot.autoconfigure.condition.OnClassCondition, org.springframework.boot.autoconfigure.condition.OnWebApplicationCondition]
2025-01-03T04:38:05.483-07:00 TRACE 10475 --- [learn-springboot] [           main] o.s.b.f.s.DefaultListableBeanFactory     : Returning cached instance of singleton bean 'autoConfigurationReport'
2025-01-03T04:38:05.498-07:00 TRACE 10475 --- [learn-springboot] [           main] o.s.b.a.condition.OnClassCondition       : Condition OnClassCondition on org.springframework.boot.devtools.autoconfigure.DevToolsR2dbcAutoConfiguration did not match due to @ConditionalOnClass did not find required class 'io.r2dbc.spi.ConnectionFactory'
2025-01-03T04:38:05.501-07:00 TRACE 10475 --- [learn-springboot] [           main] o.s.b.a.condition.OnClassCondition       : Condition OnClassCondition on org.springframework.boot.autoconfigure.amqp.RabbitAutoConfiguration did not match due to @ConditionalOnClass did not find required class 'com.rabbitmq.client.Channel'
2025-01-03T04:38:05.501-07:00 TRACE 10475 --- [learn-springboot] [           main] o.s.b.a.condition.OnClassCondition       : Condition OnClassCondition on org.springframework.boot.autoconfigure.batch.BatchAutoConfiguration did not match due to @ConditionalOnClass did not find required class 'org.springframework.batch.core.launch.JobLauncher'
2025-01-03T04:38:05.501-07:00 TRACE 10475 --- [learn-springboot] [           main] o.s.b.a.condition.OnClassCondition       : Condition OnClassCondition on org.springframework.boot.autoconfigure.cassandra.CassandraAutoConfiguration did not match due to @ConditionalOnClass did not find required class 'com.datastax.oss.driver.api.core.CqlSession'
2025-01-03T04:38:05.501-07:00 TRACE 10475 --- [learn-springboot] [           main] o.s.b.a.condition.OnClassCondition       : Condition OnClassCondition on org.springframework.boot.autoconfigure.couchbase.CouchbaseAutoConfiguration did not match due to @ConditionalOnClass did not find required class 'com.couchbase.client.java.Cluster'
2025-01-03T04:38:05.501-07:00 TRACE 10475 --- [learn-springboot] [           main] o.s.b.a.condition.OnClassCondition       : Condition OnClassCondition on org.springframework.boot.autoconfigure.dao.PersistenceExceptionTranslationAutoConfiguration did not match due to @ConditionalOnClass did not find required class 'org.springframework.dao.annotation.PersistenceExceptionTranslationPostProcessor'
2025-01-03T04:38:05.501-07:00 TRACE 10475 --- [learn-springboot] [           main] o.s.b.a.condition.OnClassCondition       : Condition OnClassCondition on org.springframework.boot.autoconfigure.data.cassandra.CassandraDataAutoConfiguration did not match due to @ConditionalOnClass did not find required class 'com.datastax.oss.driver.api.core.CqlSession'
2025-01-03T04:38:05.501-07:00 TRACE 10475 --- [learn-springboot] [           main] o.s.b.a.condition.OnClassCondition       : Condition OnClassCondition on org.springframework.boot.autoconfigure.data.cassandra.CassandraReactiveDataAutoConfiguration did not match due to @ConditionalOnClass did not find required class 'com.datastax.oss.driver.api.core.CqlSession'
2025-01-03T04:38:05.501-07:00 TRACE 10475 --- [learn-springboot] [           main] o.s.b.a.condition.OnClassCondition       : Condition OnClassCondition on org.springframework.boot.autoconfigure.data.cassandra.CassandraReactiveRepositoriesAutoConfiguration did not match due to @ConditionalOnClass did not find required class 'org.springframework.data.cassandra.ReactiveSession'
2025-01-03T04:38:05.502-07:00 TRACE 10475 --- [learn-springboot] [           main] o.s.b.a.condition.OnClassCondition       : Condition OnClassCondition on org.springframework.boot.autoconfigure.data.cassandra.CassandraRepositoriesAutoConfiguration did not match due to @ConditionalOnClass did not find required class 'com.datastax.oss.driver.api.core.CqlSession'
2025-01-03T04:38:05.502-07:00 TRACE 10475 --- [learn-springboot] [           main] o.s.b.a.condition.OnClassCondition       : Condition OnClassCondition on org.springframework.boot.autoconfigure.data.couchbase.CouchbaseDataAutoConfiguration did not match due to @ConditionalOnClass did not find required class 'com.couchbase.client.java.Bucket'
2025-01-03T04:38:05.502-07:00 TRACE 10475 --- [learn-springboot] [           main] o.s.b.a.condition.OnClassCondition       : Condition OnClassCondition on org.springframework.boot.autoconfigure.data.couchbase.CouchbaseReactiveDataAutoConfiguration did not match due to @ConditionalOnClass did not find required class 'com.couchbase.client.java.Cluster'
2025-01-03T04:38:05.502-07:00 TRACE 10475 --- [learn-springboot] [           main] o.s.b.a.condition.OnClassCondition       : Condition OnClassCondition on org.springframework.boot.autoconfigure.data.couchbase.CouchbaseReactiveRepositoriesAutoConfiguration did not match due to @ConditionalOnClass did not find required class 'com.couchbase.client.java.Cluster'
2025-01-03T04:38:05.502-07:00 TRACE 10475 --- [learn-springboot] [           main] o.s.b.a.condition.OnClassCondition       : Condition OnClassCondition on org.springframework.boot.autoconfigure.data.couchbase.CouchbaseRepositoriesAutoConfiguration did not match due to @ConditionalOnClass did not find required class 'com.couchbase.client.java.Bucket'
2025-01-03T04:38:05.502-07:00 TRACE 10475 --- [learn-springboot] [           main] o.s.b.a.condition.OnClassCondition       : Condition OnClassCondition on org.springframework.boot.autoconfigure.data.elasticsearch.ElasticsearchDataAutoConfiguration did not match due to @ConditionalOnClass did not find required class 'org.springframework.data.elasticsearch.client.elc.ElasticsearchTemplate'
2025-01-03T04:38:05.502-07:00 TRACE 10475 --- [learn-springboot] [           main] o.s.b.a.condition.OnClassCondition       : Condition OnClassCondition on org.springframework.boot.autoconfigure.data.elasticsearch.ElasticsearchRepositoriesAutoConfiguration did not match due to @ConditionalOnClass did not find required class 'org.springframework.data.elasticsearch.repository.ElasticsearchRepository'
2025-01-03T04:38:05.502-07:00 TRACE 10475 --- [learn-springboot] [           main] o.s.b.a.condition.OnClassCondition       : Condition OnClassCondition on org.springframework.boot.autoconfigure.data.elasticsearch.ReactiveElasticsearchRepositoriesAutoConfiguration did not match due to @ConditionalOnClass did not find required class 'reactor.core.publisher.Mono'
2025-01-03T04:38:05.502-07:00 TRACE 10475 --- [learn-springboot] [           main] o.s.b.a.condition.OnClassCondition       : Condition OnClassCondition on org.springframework.boot.autoconfigure.data.jdbc.JdbcRepositoriesAutoConfiguration did not match due to @ConditionalOnClass did not find required class 'org.springframework.data.jdbc.repository.config.AbstractJdbcConfiguration'
2025-01-03T04:38:05.502-07:00 TRACE 10475 --- [learn-springboot] [           main] o.s.b.a.condition.OnClassCondition       : Condition OnClassCondition on org.springframework.boot.autoconfigure.data.jpa.JpaRepositoriesAutoConfiguration did not match due to @ConditionalOnClass did not find required class 'org.springframework.data.jpa.repository.JpaRepository'
2025-01-03T04:38:05.502-07:00 TRACE 10475 --- [learn-springboot] [           main] o.s.b.a.condition.OnClassCondition       : Condition OnClassCondition on org.springframework.boot.autoconfigure.data.ldap.LdapRepositoriesAutoConfiguration did not match due to @ConditionalOnClass did not find required class 'org.springframework.data.ldap.repository.LdapRepository'
2025-01-03T04:38:05.502-07:00 TRACE 10475 --- [learn-springboot] [           main] o.s.b.a.condition.OnClassCondition       : Condition OnClassCondition on org.springframework.boot.autoconfigure.data.mongo.MongoDataAutoConfiguration did not match due to @ConditionalOnClass did not find required class 'com.mongodb.client.MongoClient'
2025-01-03T04:38:05.502-07:00 TRACE 10475 --- [learn-springboot] [           main] o.s.b.a.condition.OnClassCondition       : Condition OnClassCondition on org.springframework.boot.autoconfigure.data.mongo.MongoReactiveDataAutoConfiguration did not match due to @ConditionalOnClass did not find required class 'com.mongodb.reactivestreams.client.MongoClient'
2025-01-03T04:38:05.502-07:00 TRACE 10475 --- [learn-springboot] [           main] o.s.b.a.condition.OnClassCondition       : Condition OnClassCondition on org.springframework.boot.autoconfigure.data.mongo.MongoReactiveRepositoriesAutoConfiguration did not match due to @ConditionalOnClass did not find required class 'com.mongodb.reactivestreams.client.MongoClient'
2025-01-03T04:38:05.502-07:00 TRACE 10475 --- [learn-springboot] [           main] o.s.b.a.condition.OnClassCondition       : Condition OnClassCondition on org.springframework.boot.autoconfigure.data.mongo.MongoRepositoriesAutoConfiguration did not match due to @ConditionalOnClass did not find required class 'com.mongodb.client.MongoClient'
2025-01-03T04:38:05.503-07:00 TRACE 10475 --- [learn-springboot] [           main] o.s.b.a.condition.OnClassCondition       : Condition OnClassCondition on org.springframework.boot.autoconfigure.data.neo4j.Neo4jDataAutoConfiguration did not match due to @ConditionalOnClass did not find required class 'org.neo4j.driver.Driver'
2025-01-03T04:38:05.503-07:00 TRACE 10475 --- [learn-springboot] [           main] o.s.b.a.condition.OnClassCondition       : Condition OnClassCondition on org.springframework.boot.autoconfigure.data.neo4j.Neo4jReactiveDataAutoConfiguration did not match due to @ConditionalOnClass did not find required class 'org.neo4j.driver.Driver'
2025-01-03T04:38:05.503-07:00 TRACE 10475 --- [learn-springboot] [           main] o.s.b.a.condition.OnClassCondition       : Condition OnClassCondition on org.springframework.boot.autoconfigure.data.neo4j.Neo4jReactiveRepositoriesAutoConfiguration did not match due to @ConditionalOnClass did not find required class 'org.neo4j.driver.Driver'
2025-01-03T04:38:05.503-07:00 TRACE 10475 --- [learn-springboot] [           main] o.s.b.a.condition.OnClassCondition       : Condition OnClassCondition on org.springframework.boot.autoconfigure.data.neo4j.Neo4jRepositoriesAutoConfiguration did not match due to @ConditionalOnClass did not find required class 'org.neo4j.driver.Driver'
2025-01-03T04:38:05.503-07:00 TRACE 10475 --- [learn-springboot] [           main] o.s.b.a.condition.OnClassCondition       : Condition OnClassCondition on org.springframework.boot.autoconfigure.data.r2dbc.R2dbcDataAutoConfiguration did not match due to @ConditionalOnClass did not find required class 'org.springframework.data.r2dbc.core.R2dbcEntityTemplate'
2025-01-03T04:38:05.503-07:00 TRACE 10475 --- [learn-springboot] [           main] o.s.b.a.condition.OnClassCondition       : Condition OnClassCondition on org.springframework.boot.autoconfigure.data.r2dbc.R2dbcRepositoriesAutoConfiguration did not match due to @ConditionalOnClass did not find required class 'io.r2dbc.spi.ConnectionFactory'
2025-01-03T04:38:05.503-07:00 TRACE 10475 --- [learn-springboot] [           main] o.s.b.a.condition.OnClassCondition       : Condition OnClassCondition on org.springframework.boot.autoconfigure.data.redis.RedisAutoConfiguration did not match due to @ConditionalOnClass did not find required class 'org.springframework.data.redis.core.RedisOperations'
2025-01-03T04:38:05.503-07:00 TRACE 10475 --- [learn-springboot] [           main] o.s.b.a.condition.OnClassCondition       : Condition OnClassCondition on org.springframework.boot.autoconfigure.data.redis.RedisReactiveAutoConfiguration did not match due to @ConditionalOnClass did not find required class 'reactor.core.publisher.Flux'
2025-01-03T04:38:05.503-07:00 TRACE 10475 --- [learn-springboot] [           main] o.s.b.a.condition.OnClassCondition       : Condition OnClassCondition on org.springframework.boot.autoconfigure.data.redis.RedisRepositoriesAutoConfiguration did not match due to @ConditionalOnClass did not find required class 'org.springframework.data.redis.repository.configuration.EnableRedisRepositories'
2025-01-03T04:38:05.503-07:00 TRACE 10475 --- [learn-springboot] [           main] o.s.b.a.condition.OnClassCondition       : Condition OnClassCondition on org.springframework.boot.autoconfigure.data.rest.RepositoryRestMvcAutoConfiguration did not match due to @ConditionalOnClass did not find required class 'org.springframework.data.rest.webmvc.config.RepositoryRestMvcConfiguration'
2025-01-03T04:38:05.503-07:00 TRACE 10475 --- [learn-springboot] [           main] o.s.b.a.condition.OnClassCondition       : Condition OnClassCondition on org.springframework.boot.autoconfigure.data.web.SpringDataWebAutoConfiguration did not match due to @ConditionalOnClass did not find required class 'org.springframework.data.web.PageableHandlerMethodArgumentResolver'
2025-01-03T04:38:05.503-07:00 TRACE 10475 --- [learn-springboot] [           main] o.s.b.a.condition.OnClassCondition       : Condition OnClassCondition on org.springframework.boot.autoconfigure.elasticsearch.ElasticsearchClientAutoConfiguration did not match due to @ConditionalOnClass did not find required class 'co.elastic.clients.elasticsearch.ElasticsearchClient'
2025-01-03T04:38:05.504-07:00 TRACE 10475 --- [learn-springboot] [           main] o.s.b.a.condition.OnClassCondition       : Condition OnClassCondition on org.springframework.boot.autoconfigure.elasticsearch.ElasticsearchRestClientAutoConfiguration did not match due to @ConditionalOnClass did not find required class 'org.elasticsearch.client.RestClientBuilder'
2025-01-03T04:38:05.504-07:00 TRACE 10475 --- [learn-springboot] [           main] o.s.b.a.condition.OnClassCondition       : Condition OnClassCondition on org.springframework.boot.autoconfigure.elasticsearch.ReactiveElasticsearchClientAutoConfiguration did not match due to @ConditionalOnClass did not find required class 'co.elastic.clients.transport.ElasticsearchTransport'
2025-01-03T04:38:05.504-07:00 TRACE 10475 --- [learn-springboot] [           main] o.s.b.a.condition.OnClassCondition       : Condition OnClassCondition on org.springframework.boot.autoconfigure.flyway.FlywayAutoConfiguration did not match due to @ConditionalOnClass did not find required class 'org.flywaydb.core.Flyway'
2025-01-03T04:38:05.504-07:00 TRACE 10475 --- [learn-springboot] [           main] o.s.b.a.condition.OnClassCondition       : Condition OnClassCondition on org.springframework.boot.autoconfigure.freemarker.FreeMarkerAutoConfiguration did not match due to @ConditionalOnClass did not find required class 'freemarker.template.Configuration'
2025-01-03T04:38:05.504-07:00 TRACE 10475 --- [learn-springboot] [           main] o.s.b.a.condition.OnClassCondition       : Condition OnClassCondition on org.springframework.boot.autoconfigure.graphql.GraphQlAutoConfiguration did not match due to @ConditionalOnClass did not find required class 'graphql.GraphQL'
2025-01-03T04:38:05.504-07:00 TRACE 10475 --- [learn-springboot] [           main] o.s.b.a.condition.OnClassCondition       : Condition OnClassCondition on org.springframework.boot.autoconfigure.graphql.data.GraphQlReactiveQueryByExampleAutoConfiguration did not match due to @ConditionalOnClass did not find required class 'graphql.GraphQL'
2025-01-03T04:38:05.504-07:00 TRACE 10475 --- [learn-springboot] [           main] o.s.b.a.condition.OnClassCondition       : Condition OnClassCondition on org.springframework.boot.autoconfigure.graphql.data.GraphQlReactiveQuerydslAutoConfiguration did not match due to @ConditionalOnClass did not find required class 'com.querydsl.core.Query'
2025-01-03T04:38:05.504-07:00 TRACE 10475 --- [learn-springboot] [           main] o.s.b.a.condition.OnClassCondition       : Condition OnClassCondition on org.springframework.boot.autoconfigure.graphql.data.GraphQlQueryByExampleAutoConfiguration did not match due to @ConditionalOnClass did not find required class 'graphql.GraphQL'
2025-01-03T04:38:05.504-07:00 TRACE 10475 --- [learn-springboot] [           main] o.s.b.a.condition.OnClassCondition       : Condition OnClassCondition on org.springframework.boot.autoconfigure.graphql.data.GraphQlQuerydslAutoConfiguration did not match due to @ConditionalOnClass did not find required class 'com.querydsl.core.Query'
2025-01-03T04:38:05.504-07:00 TRACE 10475 --- [learn-springboot] [           main] o.s.b.a.condition.OnClassCondition       : Condition OnClassCondition on org.springframework.boot.autoconfigure.graphql.reactive.GraphQlWebFluxAutoConfiguration did not match due to @ConditionalOnClass did not find required class 'graphql.GraphQL'
2025-01-03T04:38:05.504-07:00 TRACE 10475 --- [learn-springboot] [           main] o.s.b.a.condition.OnClassCondition       : Condition OnClassCondition on org.springframework.boot.autoconfigure.graphql.rsocket.GraphQlRSocketAutoConfiguration did not match due to @ConditionalOnClass did not find required class 'graphql.GraphQL'
2025-01-03T04:38:05.504-07:00 TRACE 10475 --- [learn-springboot] [           main] o.s.b.a.condition.OnClassCondition       : Condition OnClassCondition on org.springframework.boot.autoconfigure.graphql.rsocket.RSocketGraphQlClientAutoConfiguration did not match due to @ConditionalOnClass did not find required class 'graphql.GraphQL'
2025-01-03T04:38:05.504-07:00 TRACE 10475 --- [learn-springboot] [           main] o.s.b.a.condition.OnClassCondition       : Condition OnClassCondition on org.springframework.boot.autoconfigure.graphql.security.GraphQlWebFluxSecurityAutoConfiguration did not match due to @ConditionalOnClass did not find required class 'graphql.GraphQL'
2025-01-03T04:38:05.504-07:00 TRACE 10475 --- [learn-springboot] [           main] o.s.b.a.condition.OnClassCondition       : Condition OnClassCondition on org.springframework.boot.autoconfigure.graphql.security.GraphQlWebMvcSecurityAutoConfiguration did not match due to @ConditionalOnClass did not find required class 'graphql.GraphQL'
2025-01-03T04:38:05.504-07:00 TRACE 10475 --- [learn-springboot] [           main] o.s.b.a.condition.OnClassCondition       : Condition OnClassCondition on org.springframework.boot.autoconfigure.graphql.servlet.GraphQlWebMvcAutoConfiguration did not match due to @ConditionalOnClass did not find required class 'graphql.GraphQL'
2025-01-03T04:38:05.504-07:00 TRACE 10475 --- [learn-springboot] [           main] o.s.b.a.condition.OnClassCondition       : Condition OnClassCondition on org.springframework.boot.autoconfigure.groovy.template.GroovyTemplateAutoConfiguration did not match due to @ConditionalOnClass did not find required class 'groovy.text.markup.MarkupTemplateEngine'
2025-01-03T04:38:05.504-07:00 TRACE 10475 --- [learn-springboot] [           main] o.s.b.a.condition.OnClassCondition       : Condition OnClassCondition on org.springframework.boot.autoconfigure.gson.GsonAutoConfiguration did not match due to @ConditionalOnClass did not find required class 'com.google.gson.Gson'
2025-01-03T04:38:05.505-07:00 TRACE 10475 --- [learn-springboot] [           main] o.s.b.a.condition.OnClassCondition       : Condition OnClassCondition on org.springframework.boot.autoconfigure.h2.H2ConsoleAutoConfiguration did not match due to @ConditionalOnClass did not find required class 'org.h2.server.web.JakartaWebServlet'
2025-01-03T04:38:05.505-07:00 TRACE 10475 --- [learn-springboot] [           main] o.s.b.a.condition.OnClassCondition       : Condition OnClassCondition on org.springframework.boot.autoconfigure.hateoas.HypermediaAutoConfiguration did not match due to @ConditionalOnClass did not find required class 'org.springframework.hateoas.EntityModel'
2025-01-03T04:38:05.505-07:00 TRACE 10475 --- [learn-springboot] [           main] o.s.b.a.condition.OnClassCondition       : Condition OnClassCondition on org.springframework.boot.autoconfigure.hazelcast.HazelcastAutoConfiguration did not match due to @ConditionalOnClass did not find required class 'com.hazelcast.core.HazelcastInstance'
2025-01-03T04:38:05.505-07:00 TRACE 10475 --- [learn-springboot] [           main] o.s.b.a.condition.OnClassCondition       : Condition OnClassCondition on org.springframework.boot.autoconfigure.hazelcast.HazelcastJpaDependencyAutoConfiguration did not match due to @ConditionalOnClass did not find required class 'com.hazelcast.core.HazelcastInstance'
2025-01-03T04:38:05.505-07:00 TRACE 10475 --- [learn-springboot] [           main] o.s.b.a.condition.OnClassCondition       : Condition OnClassCondition on org.springframework.boot.autoconfigure.http.codec.CodecsAutoConfiguration did not match due to @ConditionalOnClass did not find required class 'org.springframework.web.reactive.function.client.WebClient'
2025-01-03T04:38:05.505-07:00 TRACE 10475 --- [learn-springboot] [           main] o.s.b.a.condition.OnClassCondition       : Condition OnClassCondition on org.springframework.boot.autoconfigure.integration.IntegrationAutoConfiguration did not match due to @ConditionalOnClass did not find required class 'org.springframework.integration.config.EnableIntegration'
2025-01-03T04:38:05.505-07:00 TRACE 10475 --- [learn-springboot] [           main] o.s.b.a.condition.OnClassCondition       : Condition OnClassCondition on org.springframework.boot.autoconfigure.jdbc.DataSourceAutoConfiguration did not match due to @ConditionalOnClass did not find required class 'org.springframework.jdbc.datasource.embedded.EmbeddedDatabaseType'
2025-01-03T04:38:05.505-07:00 TRACE 10475 --- [learn-springboot] [           main] o.s.b.a.condition.OnClassCondition       : Condition OnClassCondition on org.springframework.boot.autoconfigure.jdbc.JdbcTemplateAutoConfiguration did not match due to @ConditionalOnClass did not find required class 'org.springframework.jdbc.core.JdbcTemplate'
2025-01-03T04:38:05.505-07:00 TRACE 10475 --- [learn-springboot] [           main] o.s.b.a.condition.OnClassCondition       : Condition OnClassCondition on org.springframework.boot.autoconfigure.jdbc.JndiDataSourceAutoConfiguration did not match due to @ConditionalOnClass did not find required class 'org.springframework.jdbc.datasource.embedded.EmbeddedDatabaseType'
2025-01-03T04:38:05.505-07:00 TRACE 10475 --- [learn-springboot] [           main] o.s.b.a.condition.OnClassCondition       : Condition OnClassCondition on org.springframework.boot.autoconfigure.jdbc.XADataSourceAutoConfiguration did not match due to @ConditionalOnClass did not find required class 'jakarta.transaction.TransactionManager'
2025-01-03T04:38:05.505-07:00 TRACE 10475 --- [learn-springboot] [           main] o.s.b.a.condition.OnClassCondition       : Condition OnClassCondition on org.springframework.boot.autoconfigure.jdbc.DataSourceTransactionManagerAutoConfiguration did not match due to @ConditionalOnClass did not find required class 'org.springframework.jdbc.core.JdbcTemplate'
2025-01-03T04:38:05.505-07:00 TRACE 10475 --- [learn-springboot] [           main] o.s.b.a.condition.OnClassCondition       : Condition OnClassCondition on org.springframework.boot.autoconfigure.jersey.JerseyAutoConfiguration did not match due to @ConditionalOnClass did not find required class 'org.glassfish.jersey.server.spring.SpringComponentProvider'
2025-01-03T04:38:05.505-07:00 TRACE 10475 --- [learn-springboot] [           main] o.s.b.a.condition.OnClassCondition       : Condition OnClassCondition on org.springframework.boot.autoconfigure.jms.JmsAutoConfiguration did not match due to @ConditionalOnClass did not find required class 'jakarta.jms.Message'
2025-01-03T04:38:05.505-07:00 TRACE 10475 --- [learn-springboot] [           main] o.s.b.a.condition.OnClassCondition       : Condition OnClassCondition on org.springframework.boot.autoconfigure.jms.JndiConnectionFactoryAutoConfiguration did not match due to @ConditionalOnClass did not find required class 'org.springframework.jms.core.JmsTemplate'
2025-01-03T04:38:05.505-07:00 TRACE 10475 --- [learn-springboot] [           main] o.s.b.a.condition.OnClassCondition       : Condition OnClassCondition on org.springframework.boot.autoconfigure.jms.activemq.ActiveMQAutoConfiguration did not match due to @ConditionalOnClass did not find required class 'jakarta.jms.ConnectionFactory'
2025-01-03T04:38:05.505-07:00 TRACE 10475 --- [learn-springboot] [           main] o.s.b.a.condition.OnClassCondition       : Condition OnClassCondition on org.springframework.boot.autoconfigure.jms.artemis.ArtemisAutoConfiguration did not match due to @ConditionalOnClass did not find required class 'jakarta.jms.ConnectionFactory'
2025-01-03T04:38:05.505-07:00 TRACE 10475 --- [learn-springboot] [           main] o.s.b.a.condition.OnClassCondition       : Condition OnClassCondition on org.springframework.boot.autoconfigure.jooq.JooqAutoConfiguration did not match due to @ConditionalOnClass did not find required class 'org.jooq.DSLContext'
2025-01-03T04:38:05.505-07:00 TRACE 10475 --- [learn-springboot] [           main] o.s.b.a.condition.OnClassCondition       : Condition OnClassCondition on org.springframework.boot.autoconfigure.jsonb.JsonbAutoConfiguration did not match due to @ConditionalOnClass did not find required class 'jakarta.json.bind.Jsonb'
2025-01-03T04:38:05.505-07:00 TRACE 10475 --- [learn-springboot] [           main] o.s.b.a.condition.OnClassCondition       : Condition OnClassCondition on org.springframework.boot.autoconfigure.kafka.KafkaAutoConfiguration did not match due to @ConditionalOnClass did not find required class 'org.springframework.kafka.core.KafkaTemplate'
2025-01-03T04:38:05.506-07:00 TRACE 10475 --- [learn-springboot] [           main] o.s.b.a.condition.OnClassCondition       : Condition OnClassCondition on org.springframework.boot.autoconfigure.ldap.embedded.EmbeddedLdapAutoConfiguration did not match due to @ConditionalOnClass did not find required class 'com.unboundid.ldap.listener.InMemoryDirectoryServer'
2025-01-03T04:38:05.506-07:00 TRACE 10475 --- [learn-springboot] [           main] o.s.b.a.condition.OnClassCondition       : Condition OnClassCondition on org.springframework.boot.autoconfigure.ldap.LdapAutoConfiguration did not match due to @ConditionalOnClass did not find required class 'org.springframework.ldap.core.ContextSource'
2025-01-03T04:38:05.506-07:00 TRACE 10475 --- [learn-springboot] [           main] o.s.b.a.condition.OnClassCondition       : Condition OnClassCondition on org.springframework.boot.autoconfigure.liquibase.LiquibaseAutoConfiguration did not match due to @ConditionalOnClass did not find required class 'liquibase.change.DatabaseChange'
2025-01-03T04:38:05.506-07:00 TRACE 10475 --- [learn-springboot] [           main] o.s.b.a.condition.OnClassCondition       : Condition OnClassCondition on org.springframework.boot.autoconfigure.mail.MailSenderAutoConfiguration did not match due to @ConditionalOnClass did not find required class 'jakarta.mail.internet.MimeMessage'
2025-01-03T04:38:05.506-07:00 TRACE 10475 --- [learn-springboot] [           main] o.s.b.a.condition.OnClassCondition       : Condition OnClassCondition on org.springframework.boot.autoconfigure.mongo.MongoAutoConfiguration did not match due to @ConditionalOnClass did not find required class 'com.mongodb.client.MongoClient'
2025-01-03T04:38:05.506-07:00 TRACE 10475 --- [learn-springboot] [           main] o.s.b.a.condition.OnClassCondition       : Condition OnClassCondition on org.springframework.boot.autoconfigure.mongo.MongoReactiveAutoConfiguration did not match due to @ConditionalOnClass did not find required class 'com.mongodb.reactivestreams.client.MongoClient'
2025-01-03T04:38:05.506-07:00 TRACE 10475 --- [learn-springboot] [           main] o.s.b.a.condition.OnClassCondition       : Condition OnClassCondition on org.springframework.boot.autoconfigure.mustache.MustacheAutoConfiguration did not match due to @ConditionalOnClass did not find required class 'com.samskivert.mustache.Mustache'
2025-01-03T04:38:05.506-07:00 TRACE 10475 --- [learn-springboot] [           main] o.s.b.a.condition.OnClassCondition       : Condition OnClassCondition on org.springframework.boot.autoconfigure.neo4j.Neo4jAutoConfiguration did not match due to @ConditionalOnClass did not find required class 'org.neo4j.driver.Driver'
2025-01-03T04:38:05.506-07:00 TRACE 10475 --- [learn-springboot] [           main] o.s.b.a.condition.OnClassCondition       : Condition OnClassCondition on org.springframework.boot.autoconfigure.netty.NettyAutoConfiguration did not match due to @ConditionalOnClass did not find required class 'io.netty.util.NettyRuntime'
2025-01-03T04:38:05.506-07:00 TRACE 10475 --- [learn-springboot] [           main] o.s.b.a.condition.OnClassCondition       : Condition OnClassCondition on org.springframework.boot.autoconfigure.orm.jpa.HibernateJpaAutoConfiguration did not match due to @ConditionalOnClass did not find required class 'jakarta.persistence.EntityManager'
2025-01-03T04:38:05.506-07:00 TRACE 10475 --- [learn-springboot] [           main] o.s.b.a.condition.OnClassCondition       : Condition OnClassCondition on org.springframework.boot.autoconfigure.pulsar.PulsarAutoConfiguration did not match due to @ConditionalOnClass did not find required class 'org.apache.pulsar.client.api.PulsarClient'
2025-01-03T04:38:05.506-07:00 TRACE 10475 --- [learn-springboot] [           main] o.s.b.a.condition.OnClassCondition       : Condition OnClassCondition on org.springframework.boot.autoconfigure.pulsar.PulsarReactiveAutoConfiguration did not match due to @ConditionalOnClass did not find required class 'org.apache.pulsar.client.api.PulsarClient'
2025-01-03T04:38:05.506-07:00 TRACE 10475 --- [learn-springboot] [           main] o.s.b.a.condition.OnClassCondition       : Condition OnClassCondition on org.springframework.boot.autoconfigure.quartz.QuartzAutoConfiguration did not match due to @ConditionalOnClass did not find required class 'org.quartz.Scheduler'
2025-01-03T04:38:05.506-07:00 TRACE 10475 --- [learn-springboot] [           main] o.s.b.a.condition.OnClassCondition       : Condition OnClassCondition on org.springframework.boot.autoconfigure.r2dbc.R2dbcAutoConfiguration did not match due to @ConditionalOnClass did not find required class 'io.r2dbc.spi.ConnectionFactory'
2025-01-03T04:38:05.506-07:00 TRACE 10475 --- [learn-springboot] [           main] o.s.b.a.condition.OnClassCondition       : Condition OnClassCondition on org.springframework.boot.autoconfigure.r2dbc.R2dbcProxyAutoConfiguration did not match due to @ConditionalOnClass did not find required class 'io.r2dbc.proxy.ProxyConnectionFactory'
2025-01-03T04:38:05.506-07:00 TRACE 10475 --- [learn-springboot] [           main] o.s.b.a.condition.OnClassCondition       : Condition OnClassCondition on org.springframework.boot.autoconfigure.r2dbc.R2dbcTransactionManagerAutoConfiguration did not match due to @ConditionalOnClass did not find required class 'org.springframework.r2dbc.connection.R2dbcTransactionManager'
2025-01-03T04:38:05.506-07:00 TRACE 10475 --- [learn-springboot] [           main] o.s.b.a.condition.OnClassCondition       : Condition OnClassCondition on org.springframework.boot.autoconfigure.reactor.ReactorAutoConfiguration did not match due to @ConditionalOnClass did not find required class 'reactor.core.publisher.Hooks'
2025-01-03T04:38:05.506-07:00 TRACE 10475 --- [learn-springboot] [           main] o.s.b.a.condition.OnClassCondition       : Condition OnClassCondition on org.springframework.boot.autoconfigure.rsocket.RSocketMessagingAutoConfiguration did not match due to @ConditionalOnClass did not find required class 'io.rsocket.RSocket'
2025-01-03T04:38:05.506-07:00 TRACE 10475 --- [learn-springboot] [           main] o.s.b.a.condition.OnClassCondition       : Condition OnClassCondition on org.springframework.boot.autoconfigure.rsocket.RSocketRequesterAutoConfiguration did not match due to @ConditionalOnClass did not find required class 'io.rsocket.RSocket'
2025-01-03T04:38:05.506-07:00 TRACE 10475 --- [learn-springboot] [           main] o.s.b.a.condition.OnClassCondition       : Condition OnClassCondition on org.springframework.boot.autoconfigure.rsocket.RSocketServerAutoConfiguration did not match due to @ConditionalOnClass did not find required class 'io.rsocket.core.RSocketServer'
2025-01-03T04:38:05.506-07:00 TRACE 10475 --- [learn-springboot] [           main] o.s.b.a.condition.OnClassCondition       : Condition OnClassCondition on org.springframework.boot.autoconfigure.rsocket.RSocketStrategiesAutoConfiguration did not match due to @ConditionalOnClass did not find required class 'io.netty.buffer.PooledByteBufAllocator'
2025-01-03T04:38:05.506-07:00 TRACE 10475 --- [learn-springboot] [           main] o.s.b.a.condition.OnClassCondition       : Condition OnClassCondition on org.springframework.boot.autoconfigure.security.servlet.SecurityAutoConfiguration did not match due to @ConditionalOnClass did not find required class 'org.springframework.security.authentication.DefaultAuthenticationEventPublisher'
2025-01-03T04:38:05.506-07:00 TRACE 10475 --- [learn-springboot] [           main] o.s.b.a.condition.OnClassCondition       : Condition OnClassCondition on org.springframework.boot.autoconfigure.security.servlet.UserDetailsServiceAutoConfiguration did not match due to @ConditionalOnClass did not find required class 'org.springframework.security.authentication.AuthenticationManager'
2025-01-03T04:38:05.507-07:00 TRACE 10475 --- [learn-springboot] [           main] o.s.b.a.condition.OnClassCondition       : Condition OnClassCondition on org.springframework.boot.autoconfigure.security.servlet.SecurityFilterAutoConfiguration did not match due to @ConditionalOnClass did not find required class 'org.springframework.security.config.http.SessionCreationPolicy'
2025-01-03T04:38:05.507-07:00 TRACE 10475 --- [learn-springboot] [           main] o.s.b.a.condition.OnClassCondition       : Condition OnClassCondition on org.springframework.boot.autoconfigure.security.reactive.ReactiveSecurityAutoConfiguration did not match due to @ConditionalOnClass did not find required class 'reactor.core.publisher.Flux'
2025-01-03T04:38:05.507-07:00 TRACE 10475 --- [learn-springboot] [           main] o.s.b.a.condition.OnClassCondition       : Condition OnClassCondition on org.springframework.boot.autoconfigure.security.reactive.ReactiveUserDetailsServiceAutoConfiguration did not match due to @ConditionalOnClass did not find required class 'org.springframework.security.authentication.ReactiveAuthenticationManager'
2025-01-03T04:38:05.507-07:00 TRACE 10475 --- [learn-springboot] [           main] o.s.b.a.condition.OnClassCondition       : Condition OnClassCondition on org.springframework.boot.autoconfigure.security.rsocket.RSocketSecurityAutoConfiguration did not match due to @ConditionalOnClass did not find required class 'org.springframework.security.rsocket.core.SecuritySocketAcceptorInterceptor'
2025-01-03T04:38:05.507-07:00 TRACE 10475 --- [learn-springboot] [           main] o.s.b.a.condition.OnClassCondition       : Condition OnClassCondition on org.springframework.boot.autoconfigure.security.saml2.Saml2RelyingPartyAutoConfiguration did not match due to @ConditionalOnClass did not find required class 'org.springframework.security.saml2.provider.service.registration.RelyingPartyRegistrationRepository'
2025-01-03T04:38:05.507-07:00 TRACE 10475 --- [learn-springboot] [           main] o.s.b.a.condition.OnClassCondition       : Condition OnClassCondition on org.springframework.boot.autoconfigure.sendgrid.SendGridAutoConfiguration did not match due to @ConditionalOnClass did not find required class 'com.sendgrid.SendGrid'
2025-01-03T04:38:05.507-07:00 TRACE 10475 --- [learn-springboot] [           main] o.s.b.a.condition.OnClassCondition       : Condition OnClassCondition on org.springframework.boot.autoconfigure.session.SessionAutoConfiguration did not match due to @ConditionalOnClass did not find required class 'org.springframework.session.Session'
2025-01-03T04:38:05.507-07:00 TRACE 10475 --- [learn-springboot] [           main] o.s.b.a.condition.OnClassCondition       : Condition OnClassCondition on org.springframework.boot.autoconfigure.security.oauth2.client.servlet.OAuth2ClientAutoConfiguration did not match due to @ConditionalOnClass did not find required class 'org.springframework.security.config.annotation.web.configuration.EnableWebSecurity'
2025-01-03T04:38:05.507-07:00 TRACE 10475 --- [learn-springboot] [           main] o.s.b.a.condition.OnClassCondition       : Condition OnClassCondition on org.springframework.boot.autoconfigure.security.oauth2.client.reactive.ReactiveOAuth2ClientAutoConfiguration did not match due to @ConditionalOnClass did not find required class 'reactor.core.publisher.Flux'
2025-01-03T04:38:05.507-07:00 TRACE 10475 --- [learn-springboot] [           main] o.s.b.a.condition.OnClassCondition       : Condition OnClassCondition on org.springframework.boot.autoconfigure.security.oauth2.resource.servlet.OAuth2ResourceServerAutoConfiguration did not match due to @ConditionalOnClass did not find required class 'org.springframework.security.oauth2.server.resource.authentication.BearerTokenAuthenticationToken'
2025-01-03T04:38:05.507-07:00 TRACE 10475 --- [learn-springboot] [           main] o.s.b.a.condition.OnClassCondition       : Condition OnClassCondition on org.springframework.boot.autoconfigure.security.oauth2.resource.reactive.ReactiveOAuth2ResourceServerAutoConfiguration did not match due to @ConditionalOnClass did not find required class 'org.springframework.security.config.annotation.web.reactive.EnableWebFluxSecurity'
2025-01-03T04:38:05.507-07:00 TRACE 10475 --- [learn-springboot] [           main] o.s.b.a.condition.OnClassCondition       : Condition OnClassCondition on org.springframework.boot.autoconfigure.security.oauth2.server.servlet.OAuth2AuthorizationServerAutoConfiguration did not match due to @ConditionalOnClass did not find required class 'org.springframework.security.oauth2.server.authorization.OAuth2Authorization'
2025-01-03T04:38:05.507-07:00 TRACE 10475 --- [learn-springboot] [           main] o.s.b.a.condition.OnClassCondition       : Condition OnClassCondition on org.springframework.boot.autoconfigure.security.oauth2.server.servlet.OAuth2AuthorizationServerJwtAutoConfiguration did not match due to @ConditionalOnClass did not find required class 'org.springframework.security.oauth2.server.authorization.OAuth2Authorization'
2025-01-03T04:38:05.507-07:00 TRACE 10475 --- [learn-springboot] [           main] o.s.b.a.condition.OnClassCondition       : Condition OnClassCondition on org.springframework.boot.autoconfigure.thymeleaf.ThymeleafAutoConfiguration did not match due to @ConditionalOnClass did not find required class 'org.thymeleaf.spring6.SpringTemplateEngine'
2025-01-03T04:38:05.507-07:00 TRACE 10475 --- [learn-springboot] [           main] o.s.b.a.condition.OnClassCondition       : Condition OnClassCondition on org.springframework.boot.autoconfigure.transaction.TransactionAutoConfiguration did not match due to @ConditionalOnClass did not find required class 'org.springframework.transaction.PlatformTransactionManager'
2025-01-03T04:38:05.507-07:00 TRACE 10475 --- [learn-springboot] [           main] o.s.b.a.condition.OnClassCondition       : Condition OnClassCondition on org.springframework.boot.autoconfigure.transaction.TransactionManagerCustomizationAutoConfiguration did not match due to @ConditionalOnClass did not find required class 'org.springframework.transaction.PlatformTransactionManager'
2025-01-03T04:38:05.507-07:00 TRACE 10475 --- [learn-springboot] [           main] o.s.b.a.condition.OnClassCondition       : Condition OnClassCondition on org.springframework.boot.autoconfigure.transaction.jta.JtaAutoConfiguration did not match due to @ConditionalOnClass did not find required class 'jakarta.transaction.Transaction'
2025-01-03T04:38:05.507-07:00 TRACE 10475 --- [learn-springboot] [           main] o.s.b.a.condition.OnClassCondition       : Condition OnClassCondition on org.springframework.boot.autoconfigure.validation.ValidationAutoConfiguration did not match due to @ConditionalOnClass did not find required class 'jakarta.validation.executable.ExecutableValidator'
2025-01-03T04:38:05.507-07:00 TRACE 10475 --- [learn-springboot] [           main] o.s.b.a.condition.OnClassCondition       : Condition OnClassCondition on org.springframework.boot.autoconfigure.web.reactive.HttpHandlerAutoConfiguration did not match due to @ConditionalOnClass did not find required class 'org.springframework.web.reactive.DispatcherHandler'
2025-01-03T04:38:05.507-07:00 TRACE 10475 --- [learn-springboot] [           main] o.s.b.a.condition.OnClassCondition       : Condition OnClassCondition on org.springframework.boot.autoconfigure.web.reactive.ReactiveMultipartAutoConfiguration did not match due to @ConditionalOnClass did not find required class 'org.springframework.web.reactive.config.WebFluxConfigurer'
2025-01-03T04:38:05.507-07:00 TRACE 10475 --- [learn-springboot] [           main] o.s.b.a.condition.OnClassCondition       : Condition OnClassCondition on org.springframework.boot.autoconfigure.web.reactive.WebFluxAutoConfiguration did not match due to @ConditionalOnClass did not find required class 'org.springframework.web.reactive.config.WebFluxConfigurer'
2025-01-03T04:38:05.507-07:00 TRACE 10475 --- [learn-springboot] [           main] o.s.b.a.condition.OnClassCondition       : Condition OnClassCondition on org.springframework.boot.autoconfigure.web.reactive.WebSessionIdResolverAutoConfiguration did not match due to @ConditionalOnClass did not find required class 'reactor.core.publisher.Mono'
2025-01-03T04:38:05.507-07:00 TRACE 10475 --- [learn-springboot] [           main] o.s.b.a.condition.OnClassCondition       : Condition OnClassCondition on org.springframework.boot.autoconfigure.web.reactive.error.ErrorWebFluxAutoConfiguration did not match due to @ConditionalOnClass did not find required class 'org.springframework.web.reactive.config.WebFluxConfigurer'
2025-01-03T04:38:05.508-07:00 TRACE 10475 --- [learn-springboot] [           main] o.s.b.a.condition.OnClassCondition       : Condition OnClassCondition on org.springframework.boot.autoconfigure.web.reactive.function.client.ClientHttpConnectorAutoConfiguration did not match due to @ConditionalOnClass did not find required class 'org.springframework.web.reactive.function.client.WebClient'
2025-01-03T04:38:05.508-07:00 TRACE 10475 --- [learn-springboot] [           main] o.s.b.a.condition.OnClassCondition       : Condition OnClassCondition on org.springframework.boot.autoconfigure.web.reactive.function.client.WebClientAutoConfiguration did not match due to @ConditionalOnClass did not find required class 'org.springframework.web.reactive.function.client.WebClient'
2025-01-03T04:38:05.508-07:00 TRACE 10475 --- [learn-springboot] [           main] o.s.b.a.condition.OnClassCondition       : Condition OnClassCondition on org.springframework.boot.autoconfigure.websocket.servlet.WebSocketMessagingAutoConfiguration did not match due to @ConditionalOnClass did not find required class 'org.springframework.web.socket.config.annotation.WebSocketMessageBrokerConfigurer'
2025-01-03T04:38:05.508-07:00 TRACE 10475 --- [learn-springboot] [           main] o.s.b.a.condition.OnClassCondition       : Condition OnClassCondition on org.springframework.boot.autoconfigure.webservices.WebServicesAutoConfiguration did not match due to @ConditionalOnClass did not find required class 'org.springframework.ws.transport.http.MessageDispatcherServlet'
2025-01-03T04:38:05.508-07:00 TRACE 10475 --- [learn-springboot] [           main] o.s.b.a.condition.OnClassCondition       : Condition OnClassCondition on org.springframework.boot.autoconfigure.webservices.client.WebServiceTemplateAutoConfiguration did not match due to @ConditionalOnClass did not find required class 'org.springframework.oxm.Marshaller'
2025-01-03T04:38:05.508-07:00 TRACE 10475 --- [learn-springboot] [           main] o.s.b.f.s.DefaultListableBeanFactory     : Returning cached instance of singleton bean 'autoConfigurationReport'
2025-01-03T04:38:05.509-07:00 TRACE 10475 --- [learn-springboot] [           main] o.s.b.a.c.OnWebApplicationCondition      : Condition OnWebApplicationCondition on org.springframework.boot.autoconfigure.web.reactive.ReactiveWebServerFactoryAutoConfiguration did not match due to @ConditionalOnWebApplication did not find reactive web application classes
2025-01-03T04:38:05.509-07:00 TRACE 10475 --- [learn-springboot] [           main] o.s.b.a.c.OnWebApplicationCondition      : Condition OnWebApplicationCondition on org.springframework.boot.autoconfigure.websocket.reactive.WebSocketReactiveAutoConfiguration did not match due to @ConditionalOnWebApplication did not find reactive web application classes
2025-01-03T04:38:05.509-07:00 TRACE 10475 --- [learn-springboot] [           main] o.s.b.f.s.DefaultListableBeanFactory     : Returning cached instance of singleton bean 'autoConfigurationReport'
[...]
2025-01-03T04:38:06.529-07:00 TRACE 10475 --- [learn-springboot] [           main] o.s.b.f.s.DefaultListableBeanFactory     : Returning cached instance of singleton bean 'standardJacksonObjectMapperBuilderCustomizer'
2025-01-03T04:38:06.529-07:00 TRACE 10475 --- [learn-springboot] [           main] o.s.b.f.s.DefaultListableBeanFactory     : Returning cached instance of singleton bean 'spring.jackson-org.springframework.boot.autoconfigure.jackson.JacksonProperties'
2025-01-03T04:38:06.529-07:00 TRACE 10475 --- [learn-springboot] [           main] o.s.b.f.s.DefaultListableBeanFactory     : Returning cached instance of singleton bean 'org.springframework.boot.autoconfigure.jackson.JacksonAutoConfiguration$JacksonObjectMapperBuilderConfiguration'
2025-01-03T04:38:06.529-07:00 TRACE 10475 --- [learn-springboot] [           main] o.s.b.f.s.DefaultListableBeanFactory     : Returning cached instance of singleton bean 'org.springframework.boot.autoconfigure.jackson.JacksonAutoConfiguration$ParameterNamesModuleConfiguration'
2025-01-03T04:38:06.529-07:00 TRACE 10475 --- [learn-springboot] [           main] o.s.b.f.s.DefaultListableBeanFactory     : Returning cached instance of singleton bean 'parameterNamesModule'
2025-01-03T04:38:06.529-07:00 TRACE 10475 --- [learn-springboot] [           main] o.s.b.f.s.DefaultListableBeanFactory     : Returning cached instance of singleton bean 'org.springframework.boot.autoconfigure.jackson.JacksonAutoConfiguration$JacksonObjectMapperConfiguration'
2025-01-03T04:38:06.529-07:00 TRACE 10475 --- [learn-springboot] [           main] o.s.b.f.s.DefaultListableBeanFactory     : Returning cached instance of singleton bean 'jacksonObjectMapper'
2025-01-03T04:38:06.529-07:00 TRACE 10475 --- [learn-springboot] [           main] o.s.b.f.s.DefaultListableBeanFactory     : Returning cached instance of singleton bean 'org.springframework.boot.autoconfigure.jackson.JacksonAutoConfiguration$JacksonMixinConfiguration'
2025-01-03T04:38:06.529-07:00 TRACE 10475 --- [learn-springboot] [           main] o.s.b.f.s.DefaultListableBeanFactory     : Returning cached instance of singleton bean 'jsonMixinModuleEntries'
2025-01-03T04:38:06.529-07:00 TRACE 10475 --- [learn-springboot] [           main] o.s.b.f.s.DefaultListableBeanFactory     : Returning cached instance of singleton bean 'jsonMixinModule'
2025-01-03T04:38:06.529-07:00 TRACE 10475 --- [learn-springboot] [           main] o.s.b.f.s.DefaultListableBeanFactory     : Returning cached instance of singleton bean 'org.springframework.boot.autoconfigure.jackson.JacksonAutoConfiguration'
2025-01-03T04:38:06.529-07:00 TRACE 10475 --- [learn-springboot] [           main] o.s.b.f.s.DefaultListableBeanFactory     : Returning cached instance of singleton bean 'jsonComponentModule'
2025-01-03T04:38:06.529-07:00 TRACE 10475 --- [learn-springboot] [           main] o.s.b.f.s.DefaultListableBeanFactory     : Returning cached instance of singleton bean 'org.springframework.boot.autoconfigure.context.ConfigurationPropertiesAutoConfiguration'
2025-01-03T04:38:06.529-07:00 TRACE 10475 --- [learn-springboot] [           main] o.s.b.f.s.DefaultListableBeanFactory     : Returning cached instance of singleton bean 'org.springframework.boot.autoconfigure.context.LifecycleAutoConfiguration'
2025-01-03T04:38:06.529-07:00 TRACE 10475 --- [learn-springboot] [           main] o.s.b.f.s.DefaultListableBeanFactory     : Returning cached instance of singleton bean 'lifecycleProcessor'
2025-01-03T04:38:06.529-07:00 TRACE 10475 --- [learn-springboot] [           main] o.s.b.f.s.DefaultListableBeanFactory     : Returning cached instance of singleton bean 'spring.lifecycle-org.springframework.boot.autoconfigure.context.LifecycleProperties'
2025-01-03T04:38:06.529-07:00 TRACE 10475 --- [learn-springboot] [           main] o.s.b.f.s.DefaultListableBeanFactory     : Returning cached instance of singleton bean 'org.springframework.boot.autoconfigure.http.HttpMessageConvertersAutoConfiguration$StringHttpMessageConverterConfiguration'
2025-01-03T04:38:06.529-07:00 TRACE 10475 --- [learn-springboot] [           main] o.s.b.f.s.DefaultListableBeanFactory     : Returning cached instance of singleton bean 'stringHttpMessageConverter'
2025-01-03T04:38:06.529-07:00 TRACE 10475 --- [learn-springboot] [           main] o.s.b.f.s.DefaultListableBeanFactory     : Returning cached instance of singleton bean 'org.springframework.boot.autoconfigure.http.JacksonHttpMessageConvertersConfiguration$MappingJackson2HttpMessageConverterConfiguration'
2025-01-03T04:38:06.529-07:00 TRACE 10475 --- [learn-springboot] [           main] o.s.b.f.s.DefaultListableBeanFactory     : Returning cached instance of singleton bean 'mappingJackson2HttpMessageConverter'
2025-01-03T04:38:06.529-07:00 TRACE 10475 --- [learn-springboot] [           main] o.s.b.f.s.DefaultListableBeanFactory     : Returning cached instance of singleton bean 'org.springframework.boot.autoconfigure.http.JacksonHttpMessageConvertersConfiguration'
2025-01-03T04:38:06.529-07:00 TRACE 10475 --- [learn-springboot] [           main] o.s.b.f.s.DefaultListableBeanFactory     : Returning cached instance of singleton bean 'org.springframework.boot.autoconfigure.http.HttpMessageConvertersAutoConfiguration'
2025-01-03T04:38:06.529-07:00 TRACE 10475 --- [learn-springboot] [           main] o.s.b.f.s.DefaultListableBeanFactory     : Returning cached instance of singleton bean 'messageConverters'
2025-01-03T04:38:06.529-07:00 TRACE 10475 --- [learn-springboot] [           main] o.s.b.f.s.DefaultListableBeanFactory     : Returning cached instance of singleton bean 'org.springframework.boot.autoconfigure.http.client.HttpClientAutoConfiguration'
2025-01-03T04:38:06.529-07:00 TRACE 10475 --- [learn-springboot] [           main] o.s.b.f.s.DefaultListableBeanFactory     : Returning cached instance of singleton bean 'clientHttpRequestFactoryBuilder'
2025-01-03T04:38:06.529-07:00 TRACE 10475 --- [learn-springboot] [           main] o.s.b.f.s.DefaultListableBeanFactory     : Returning cached instance of singleton bean 'clientHttpRequestFactorySettings'
2025-01-03T04:38:06.529-07:00 TRACE 10475 --- [learn-springboot] [           main] o.s.b.f.s.DefaultListableBeanFactory     : Returning cached instance of singleton bean 'spring.http.client-org.springframework.boot.autoconfigure.http.client.HttpClientProperties'
2025-01-03T04:38:06.529-07:00 TRACE 10475 --- [learn-springboot] [           main] o.s.b.f.s.DefaultListableBeanFactory     : Returning cached instance of singleton bean 'org.springframework.boot.autoconfigure.info.ProjectInfoAutoConfiguration'
2025-01-03T04:38:06.529-07:00 TRACE 10475 --- [learn-springboot] [           main] o.s.b.f.s.DefaultListableBeanFactory     : Returning cached instance of singleton bean 'spring.info-org.springframework.boot.autoconfigure.info.ProjectInfoProperties'
2025-01-03T04:38:06.529-07:00 TRACE 10475 --- [learn-springboot] [           main] o.s.b.f.s.DefaultListableBeanFactory     : Returning cached instance of singleton bean 'org.springframework.boot.autoconfigure.sql.init.SqlInitializationAutoConfiguration'
2025-01-03T04:38:06.529-07:00 TRACE 10475 --- [learn-springboot] [           main] o.s.b.f.s.DefaultListableBeanFactory     : Returning cached instance of singleton bean 'spring.sql.init-org.springframework.boot.autoconfigure.sql.init.SqlInitializationProperties'
2025-01-03T04:38:06.529-07:00 TRACE 10475 --- [learn-springboot] [           main] o.s.b.f.s.DefaultListableBeanFactory     : Returning cached instance of singleton bean 'org.springframework.boot.sql.init.dependency.DatabaseInitializationDependencyConfigurer$DependsOnDatabaseInitializationPostProcessor'
2025-01-03T04:38:06.529-07:00 TRACE 10475 --- [learn-springboot] [           main] o.s.b.f.s.DefaultListableBeanFactory     : Returning cached instance of singleton bean 'org.springframework.boot.autoconfigure.task.TaskSchedulingConfigurations$ThreadPoolTaskSchedulerBuilderConfiguration'
2025-01-03T04:38:06.529-07:00 TRACE 10475 --- [learn-springboot] [           main] o.s.b.f.s.DefaultListableBeanFactory     : Returning cached instance of singleton bean 'threadPoolTaskSchedulerBuilder'
2025-01-03T04:38:06.529-07:00 TRACE 10475 --- [learn-springboot] [           main] o.s.b.f.s.DefaultListableBeanFactory     : Returning cached instance of singleton bean 'org.springframework.boot.autoconfigure.task.TaskSchedulingConfigurations$SimpleAsyncTaskSchedulerBuilderConfiguration'
2025-01-03T04:38:06.529-07:00 TRACE 10475 --- [learn-springboot] [           main] o.s.b.f.s.DefaultListableBeanFactory     : Returning cached instance of singleton bean 'simpleAsyncTaskSchedulerBuilder'
2025-01-03T04:38:06.529-07:00 TRACE 10475 --- [learn-springboot] [           main] o.s.b.f.s.DefaultListableBeanFactory     : Returning cached instance of singleton bean 'org.springframework.boot.autoconfigure.task.TaskSchedulingAutoConfiguration'
2025-01-03T04:38:06.529-07:00 TRACE 10475 --- [learn-springboot] [           main] o.s.b.f.s.DefaultListableBeanFactory     : Returning cached instance of singleton bean 'spring.task.scheduling-org.springframework.boot.autoconfigure.task.TaskSchedulingProperties'
2025-01-03T04:38:06.529-07:00 TRACE 10475 --- [learn-springboot] [           main] o.s.b.f.s.DefaultListableBeanFactory     : Returning cached instance of singleton bean 'org.springframework.boot.autoconfigure.web.client.RestClientAutoConfiguration'
2025-01-03T04:38:06.529-07:00 TRACE 10475 --- [learn-springboot] [           main] o.s.b.f.s.DefaultListableBeanFactory     : Returning cached instance of singleton bean 'httpMessageConvertersRestClientCustomizer'
2025-01-03T04:38:06.529-07:00 TRACE 10475 --- [learn-springboot] [           main] o.s.b.f.s.DefaultListableBeanFactory     : Returning cached instance of singleton bean 'restClientSsl'
2025-01-03T04:38:06.529-07:00 TRACE 10475 --- [learn-springboot] [           main] o.s.b.f.s.DefaultListableBeanFactory     : Returning cached instance of singleton bean 'restClientBuilderConfigurer'
2025-01-03T04:38:06.529-07:00 TRACE 10475 --- [learn-springboot] [           main] o.s.b.f.s.DefaultListableBeanFactory     : Returning cached instance of singleton bean 'org.springframework.boot.autoconfigure.web.client.RestTemplateAutoConfiguration'
2025-01-03T04:38:06.529-07:00 TRACE 10475 --- [learn-springboot] [           main] o.s.b.f.s.DefaultListableBeanFactory     : Returning cached instance of singleton bean 'org.springframework.boot.autoconfigure.web.servlet.HttpEncodingAutoConfiguration'
2025-01-03T04:38:06.529-07:00 TRACE 10475 --- [learn-springboot] [           main] o.s.b.f.s.DefaultListableBeanFactory     : Returning cached instance of singleton bean 'characterEncodingFilter'
2025-01-03T04:38:06.529-07:00 TRACE 10475 --- [learn-springboot] [           main] o.s.b.f.s.DefaultListableBeanFactory     : Returning cached instance of singleton bean 'localeCharsetMappingsCustomizer'
2025-01-03T04:38:06.529-07:00 TRACE 10475 --- [learn-springboot] [           main] o.s.b.f.s.DefaultListableBeanFactory     : Returning cached instance of singleton bean 'org.springframework.boot.autoconfigure.web.servlet.MultipartAutoConfiguration'
2025-01-03T04:38:06.529-07:00 TRACE 10475 --- [learn-springboot] [           main] o.s.b.f.s.DefaultListableBeanFactory     : Returning cached instance of singleton bean 'multipartConfigElement'
2025-01-03T04:38:06.529-07:00 TRACE 10475 --- [learn-springboot] [           main] o.s.b.f.s.DefaultListableBeanFactory     : Returning cached instance of singleton bean 'multipartResolver'
2025-01-03T04:38:06.529-07:00 TRACE 10475 --- [learn-springboot] [           main] o.s.b.f.s.DefaultListableBeanFactory     : Returning cached instance of singleton bean 'spring.servlet.multipart-org.springframework.boot.autoconfigure.web.servlet.MultipartProperties'
2025-01-03T04:38:06.529-07:00 TRACE 10475 --- [learn-springboot] [           main] o.s.b.f.s.DefaultListableBeanFactory     : Returning cached instance of singleton bean 'org.springframework.aop.config.internalAutoProxyCreator'
2025-01-03T04:38:06.529-07:00 TRACE 10475 --- [learn-springboot] [           main] o.s.b.f.s.DefaultListableBeanFactory     : Returning cached instance of singleton bean 'org.springframework.boot.test.mock.mockito.MockitoBeans'
2025-01-03T04:38:06.529-07:00 TRACE 10475 --- [learn-springboot] [           main] c.DefaultCacheAwareContextLoaderDelegate : Retrieved ApplicationContext [1366722422] from cache with key [WebMergedContextConfiguration@47e51549 testClass = com.demo.springboot.learn_springboot.LearnSpringbootApplicationTests, locations = [], classes = [com.demo.springboot.learn_springboot.LearnSpringbootApplication], contextInitializerClasses = [], activeProfiles = [], propertySourceDescriptors = [], propertySourceProperties = ["org.springframework.boot.test.context.SpringBootTestContextBootstrapper=true"], contextCustomizers = [org.springframework.boot.test.context.filter.ExcludeFilterContextCustomizer@2eae8e6e, org.springframework.boot.test.json.DuplicateJsonObjectContextCustomizerFactory$DuplicateJsonObjectContextCustomizer@69e153c5, org.springframework.boot.test.mock.mockito.MockitoContextCustomizer@0, org.springframework.boot.test.web.client.TestRestTemplateContextCustomizer@663c9e7a, org.springframework.boot.test.web.reactor.netty.DisableReactorResourceFactoryGlobalResourcesContextCustomizerFactory$DisableReactorResourceFactoryGlobalResourcesContextCustomizerCustomizer@15043a2f, org.springframework.boot.test.autoconfigure.OnFailureConditionReportContextCustomizerFactory$OnFailureConditionReportContextCustomizer@4b29d1d2, org.springframework.boot.test.autoconfigure.actuate.observability.ObservabilityContextCustomizerFactory$DisableObservabilityContextCustomizer@1f, org.springframework.boot.test.autoconfigure.properties.PropertyMappingContextCustomizer@0, org.springframework.boot.test.autoconfigure.web.servlet.WebDriverContextCustomizer@6e9a5ed8, org.springframework.test.context.support.DynamicPropertiesContextCustomizer@0, org.springframework.boot.test.context.SpringBootTestAnnotation@62e60f77], resourceBasePath = "src/main/webapp", contextLoader = org.springframework.boot.test.context.SpringBootContextLoader, parent = null]
2025-01-03T04:38:06.529-07:00 DEBUG 10475 --- [learn-springboot] [           main] org.springframework.test.context.cache   : Spring test ApplicationContext cache statistics: [DefaultContextCache@101a461c size = 1, maxSize = 32, parentContextCount = 0, hitCount = 13, missCount = 1, failureCount = 0]
2025-01-03T04:38:06.530-07:00 TRACE 10475 --- [learn-springboot] [           main] .c.s.DirtiesContextTestExecutionListener : After test method: context [DefaultTestContext@5ebffb44 testClass = com.demo.springboot.learn_springboot.LearnSpringbootApplicationTests, testInstance = com.demo.springboot.learn_springboot.LearnSpringbootApplicationTests@311ff287, testMethod = contextLoads(), testException = null, mergedContextConfiguration = [WebMergedContextConfiguration@47e51549 testClass = com.demo.springboot.learn_springboot.LearnSpringbootApplicationTests, locations = [], classes = [com.demo.springboot.learn_springboot.LearnSpringbootApplication], contextInitializerClasses = [], activeProfiles = [], propertySourceDescriptors = [], propertySourceProperties = ["org.springframework.boot.test.context.SpringBootTestContextBootstrapper=true"], contextCustomizers = [org.springframework.boot.test.context.filter.ExcludeFilterContextCustomizer@2eae8e6e, org.springframework.boot.test.json.DuplicateJsonObjectContextCustomizerFactory$DuplicateJsonObjectContextCustomizer@69e153c5, org.springframework.boot.test.mock.mockito.MockitoContextCustomizer@0, org.springframework.boot.test.web.client.TestRestTemplateContextCustomizer@663c9e7a, org.springframework.boot.test.web.reactor.netty.DisableReactorResourceFactoryGlobalResourcesContextCustomizerFactory$DisableReactorResourceFactoryGlobalResourcesContextCustomizerCustomizer@15043a2f, org.springframework.boot.test.autoconfigure.OnFailureConditionReportContextCustomizerFactory$OnFailureConditionReportContextCustomizer@4b29d1d2, org.springframework.boot.test.autoconfigure.actuate.observability.ObservabilityContextCustomizerFactory$DisableObservabilityContextCustomizer@1f, org.springframework.boot.test.autoconfigure.properties.PropertyMappingContextCustomizer@0, org.springframework.boot.test.autoconfigure.web.servlet.WebDriverContextCustomizer@6e9a5ed8, org.springframework.test.context.support.DynamicPropertiesContextCustomizer@0, org.springframework.boot.test.context.SpringBootTestAnnotation@62e60f77], resourceBasePath = "src/main/webapp", contextLoader = org.springframework.boot.test.context.SpringBootContextLoader, parent = null], attributes = {"org.springframework.test.context.web.ServletTestExecutionListener.activateListener" -> true, "org.springframework.test.context.web.ServletTestExecutionListener.populatedRequestContextHolder" -> true, "org.springframework.test.context.web.ServletTestExecutionListener.resetRequestContextHolder" -> true, "org.springframework.test.context.event.ApplicationEventsTestExecutionListener.recordApplicationEvents" -> false}], class annotated with @DirtiesContext [false] with mode [null], method annotated with @DirtiesContext [false] with mode [null]
2025-01-03T04:38:06.530-07:00 TRACE 10475 --- [learn-springboot] [           main] o.s.t.c.w.ServletTestExecutionListener   : Resetting RequestContextHolder for test context [DefaultTestContext@5ebffb44 testClass = com.demo.springboot.learn_springboot.LearnSpringbootApplicationTests, testInstance = com.demo.springboot.learn_springboot.LearnSpringbootApplicationTests@311ff287, testMethod = contextLoads(), testException = null, mergedContextConfiguration = [WebMergedContextConfiguration@47e51549 testClass = com.demo.springboot.learn_springboot.LearnSpringbootApplicationTests, locations = [], classes = [com.demo.springboot.learn_springboot.LearnSpringbootApplication], contextInitializerClasses = [], activeProfiles = [], propertySourceDescriptors = [], propertySourceProperties = ["org.springframework.boot.test.context.SpringBootTestContextBootstrapper=true"], contextCustomizers = [org.springframework.boot.test.context.filter.ExcludeFilterContextCustomizer@2eae8e6e, org.springframework.boot.test.json.DuplicateJsonObjectContextCustomizerFactory$DuplicateJsonObjectContextCustomizer@69e153c5, org.springframework.boot.test.mock.mockito.MockitoContextCustomizer@0, org.springframework.boot.test.web.client.TestRestTemplateContextCustomizer@663c9e7a, org.springframework.boot.test.web.reactor.netty.DisableReactorResourceFactoryGlobalResourcesContextCustomizerFactory$DisableReactorResourceFactoryGlobalResourcesContextCustomizerCustomizer@15043a2f, org.springframework.boot.test.autoconfigure.OnFailureConditionReportContextCustomizerFactory$OnFailureConditionReportContextCustomizer@4b29d1d2, org.springframework.boot.test.autoconfigure.actuate.observability.ObservabilityContextCustomizerFactory$DisableObservabilityContextCustomizer@1f, org.springframework.boot.test.autoconfigure.properties.PropertyMappingContextCustomizer@0, org.springframework.boot.test.autoconfigure.web.servlet.WebDriverContextCustomizer@6e9a5ed8, org.springframework.test.context.support.DynamicPropertiesContextCustomizer@0, org.springframework.boot.test.context.SpringBootTestAnnotation@62e60f77], resourceBasePath = "src/main/webapp", contextLoader = org.springframework.boot.test.context.SpringBootContextLoader, parent = null], attributes = {"org.springframework.test.context.web.ServletTestExecutionListener.activateListener" -> true, "org.springframework.test.context.web.ServletTestExecutionListener.populatedRequestContextHolder" -> true, "org.springframework.test.context.web.ServletTestExecutionListener.resetRequestContextHolder" -> true, "org.springframework.test.context.event.ApplicationEventsTestExecutionListener.recordApplicationEvents" -> false}]
]]></system-out>
  </testcase>
</testsuite>